The system is: Linux - 4.9.0-6-amd64 - x86_64
Compiling the C compiler identification source file "CMakeCCompilerId.c" succeeded.
Compiler: /usr/bin/cc 
Build flags: 
Id flags: 

The output was:
0


Compilation of the C compiler identification source "CMakeCCompilerId.c" produced "a.out"

The C compiler identification is GNU, found in "/home/suckerserv/orig/zuckerserv/CMakeFiles/3.7.2/CompilerIdC/a.out"

Compiling the CXX compiler identification source file "CMakeCXXCompilerId.cpp" succeeded.
Compiler: /usr/bin/c++ 
Build flags: 
Id flags: 

The output was:
0


Compilation of the CXX compiler identification source "CMakeCXXCompilerId.cpp" produced "a.out"

The CXX compiler identification is GNU, found in "/home/suckerserv/orig/zuckerserv/CMakeFiles/3.7.2/CompilerIdCXX/a.out"

Determining if the C compiler works passed with the following output:
Change Dir: /home/suckerserv/orig/zuckerserv/CMakeFiles/CMakeTmp

Run Build Command:"/usr/bin/make" "cmTC_58890/fast"
/usr/bin/make -f CMakeFiles/cmTC_58890.dir/build.make CMakeFiles/cmTC_58890.dir/build
make[1]: Entering directory '/home/suckerserv/orig/zuckerserv/CMakeFiles/CMakeTmp'
Building C object CMakeFiles/cmTC_58890.dir/testCCompiler.c.o
/usr/bin/cc     -o CMakeFiles/cmTC_58890.dir/testCCompiler.c.o   -c /home/suckerserv/orig/zuckerserv/CMakeFiles/CMakeTmp/testCCompiler.c
Linking C executable cmTC_58890
/usr/bin/cmake -E cmake_link_script CMakeFiles/cmTC_58890.dir/link.txt --verbose=1
/usr/bin/cc       CMakeFiles/cmTC_58890.dir/testCCompiler.c.o  -o cmTC_58890 -rdynamic 
make[1]: Leaving directory '/home/suckerserv/orig/zuckerserv/CMakeFiles/CMakeTmp'


Detecting C compiler ABI info compiled with the following output:
Change Dir: /home/suckerserv/orig/zuckerserv/CMakeFiles/CMakeTmp

Run Build Command:"/usr/bin/make" "cmTC_d1508/fast"
/usr/bin/make -f CMakeFiles/cmTC_d1508.dir/build.make CMakeFiles/cmTC_d1508.dir/build
make[1]: Entering directory '/home/suckerserv/orig/zuckerserv/CMakeFiles/CMakeTmp'
Building C object CMakeFiles/cmTC_d1508.dir/CMakeCCompilerABI.c.o
/usr/bin/cc     -o CMakeFiles/cmTC_d1508.dir/CMakeCCompilerABI.c.o   -c /usr/share/cmake-3.7/Modules/CMakeCCompilerABI.c
Linking C executable cmTC_d1508
/usr/bin/cmake -E cmake_link_script CMakeFiles/cmTC_d1508.dir/link.txt --verbose=1
/usr/bin/cc      -v CMakeFiles/cmTC_d1508.dir/CMakeCCompilerABI.c.o  -o cmTC_d1508 -rdynamic  
Using built-in specs.
COLLECT_GCC=/usr/bin/cc
COLLECT_LTO_WRAPPER=/usr/lib/gcc/x86_64-linux-gnu/6/lto-wrapper
Target: x86_64-linux-gnu
Configured with: ../src/configure -v --with-pkgversion='Debian 6.3.0-18+deb9u1' --with-bugurl=file:///usr/share/doc/gcc-6/README.Bugs --enable-languages=c,ada,c++,java,go,d,fortran,objc,obj-c++ --prefix=/usr --program-suffix=-6 --program-prefix=x86_64-linux-gnu- --enable-shared --enable-linker-build-id --libexecdir=/usr/lib --without-included-gettext --enable-threads=posix --libdir=/usr/lib --enable-nls --with-sysroot=/ --enable-clocale=gnu --enable-libstdcxx-debug --enable-libstdcxx-time=yes --with-default-libstdcxx-abi=new --enable-gnu-unique-object --disable-vtable-verify --enable-libmpx --enable-plugin --enable-default-pie --with-system-zlib --disable-browser-plugin --enable-java-awt=gtk --enable-gtk-cairo --with-java-home=/usr/lib/jvm/java-1.5.0-gcj-6-amd64/jre --enable-java-home --with-jvm-root-dir=/usr/lib/jvm/java-1.5.0-gcj-6-amd64 --with-jvm-jar-dir=/usr/lib/jvm-exports/java-1.5.0-gcj-6-amd64 --with-arch-directory=amd64 --with-ecj-jar=/usr/share/java/eclipse-ecj.jar --with-target-system-zlib --enable-objc-gc=auto --enable-multiarch --with-arch-32=i686 --with-abi=m64 --with-multilib-list=m32,m64,mx32 --enable-multilib --with-tune=generic --enable-checking=release --build=x86_64-linux-gnu --host=x86_64-linux-gnu --target=x86_64-linux-gnu
Thread model: posix
gcc version 6.3.0 20170516 (Debian 6.3.0-18+deb9u1) 
COMPILER_PATH=/usr/lib/gcc/x86_64-linux-gnu/6/:/usr/lib/gcc/x86_64-linux-gnu/6/:/usr/lib/gcc/x86_64-linux-gnu/:/usr/lib/gcc/x86_64-linux-gnu/6/:/usr/lib/gcc/x86_64-linux-gnu/
LIBRARY_PATH=/usr/lib/gcc/x86_64-linux-gnu/6/:/usr/lib/gcc/x86_64-linux-gnu/6/../../../x86_64-linux-gnu/:/usr/lib/gcc/x86_64-linux-gnu/6/../../../../lib/:/lib/x86_64-linux-gnu/:/lib/../lib/:/usr/lib/x86_64-linux-gnu/:/usr/lib/../lib/:/usr/lib/gcc/x86_64-linux-gnu/6/../../../:/lib/:/usr/lib/
COLLECT_GCC_OPTIONS='-v' '-o' 'cmTC_d1508' '-rdynamic' '-mtune=generic' '-march=x86-64'
 /usr/lib/gcc/x86_64-linux-gnu/6/collect2 -plugin /usr/lib/gcc/x86_64-linux-gnu/6/liblto_plugin.so -plugin-opt=/usr/lib/gcc/x86_64-linux-gnu/6/lto-wrapper -plugin-opt=-fresolution=/tmp/ccGq7Bcj.res -plugin-opt=-pass-through=-lgcc -plugin-opt=-pass-through=-lgcc_s -plugin-opt=-pass-through=-lc -plugin-opt=-pass-through=-lgcc -plugin-opt=-pass-through=-lgcc_s --sysroot=/ --build-id --eh-frame-hdr -m elf_x86_64 --hash-style=gnu -export-dynamic -dynamic-linker /lib64/ld-linux-x86-64.so.2 -pie -o cmTC_d1508 /usr/lib/gcc/x86_64-linux-gnu/6/../../../x86_64-linux-gnu/Scrt1.o /usr/lib/gcc/x86_64-linux-gnu/6/../../../x86_64-linux-gnu/crti.o /usr/lib/gcc/x86_64-linux-gnu/6/crtbeginS.o -L/usr/lib/gcc/x86_64-linux-gnu/6 -L/usr/lib/gcc/x86_64-linux-gnu/6/../../../x86_64-linux-gnu -L/usr/lib/gcc/x86_64-linux-gnu/6/../../../../lib -L/lib/x86_64-linux-gnu -L/lib/../lib -L/usr/lib/x86_64-linux-gnu -L/usr/lib/../lib -L/usr/lib/gcc/x86_64-linux-gnu/6/../../.. CMakeFiles/cmTC_d1508.dir/CMakeCCompilerABI.c.o -lgcc --as-needed -lgcc_s --no-as-needed -lc -lgcc --as-needed -lgcc_s --no-as-needed /usr/lib/gcc/x86_64-linux-gnu/6/crtendS.o /usr/lib/gcc/x86_64-linux-gnu/6/../../../x86_64-linux-gnu/crtn.o
COLLECT_GCC_OPTIONS='-v' '-o' 'cmTC_d1508' '-rdynamic' '-mtune=generic' '-march=x86-64'
make[1]: Leaving directory '/home/suckerserv/orig/zuckerserv/CMakeFiles/CMakeTmp'


Parsed C implicit link information from above output:
  link line regex: [^( *|.*[/\])(ld|([^/\]+-)?ld|collect2)[^/\]*( |$)]
  ignore line: [Change Dir: /home/suckerserv/orig/zuckerserv/CMakeFiles/CMakeTmp]
  ignore line: []
  ignore line: [Run Build Command:"/usr/bin/make" "cmTC_d1508/fast"]
  ignore line: [/usr/bin/make -f CMakeFiles/cmTC_d1508.dir/build.make CMakeFiles/cmTC_d1508.dir/build]
  ignore line: [make[1]: Entering directory '/home/suckerserv/orig/zuckerserv/CMakeFiles/CMakeTmp']
  ignore line: [Building C object CMakeFiles/cmTC_d1508.dir/CMakeCCompilerABI.c.o]
  ignore line: [/usr/bin/cc     -o CMakeFiles/cmTC_d1508.dir/CMakeCCompilerABI.c.o   -c /usr/share/cmake-3.7/Modules/CMakeCCompilerABI.c]
  ignore line: [Linking C executable cmTC_d1508]
  ignore line: [/usr/bin/cmake -E cmake_link_script CMakeFiles/cmTC_d1508.dir/link.txt --verbose=1]
  ignore line: [/usr/bin/cc      -v CMakeFiles/cmTC_d1508.dir/CMakeCCompilerABI.c.o  -o cmTC_d1508 -rdynamic  ]
  ignore line: [Using built-in specs.]
  ignore line: [COLLECT_GCC=/usr/bin/cc]
  ignore line: [COLLECT_LTO_WRAPPER=/usr/lib/gcc/x86_64-linux-gnu/6/lto-wrapper]
  ignore line: [Target: x86_64-linux-gnu]
  ignore line: [Configured with: ../src/configure -v --with-pkgversion='Debian 6.3.0-18+deb9u1' --with-bugurl=file:///usr/share/doc/gcc-6/README.Bugs --enable-languages=c,ada,c++,java,go,d,fortran,objc,obj-c++ --prefix=/usr --program-suffix=-6 --program-prefix=x86_64-linux-gnu- --enable-shared --enable-linker-build-id --libexecdir=/usr/lib --without-included-gettext --enable-threads=posix --libdir=/usr/lib --enable-nls --with-sysroot=/ --enable-clocale=gnu --enable-libstdcxx-debug --enable-libstdcxx-time=yes --with-default-libstdcxx-abi=new --enable-gnu-unique-object --disable-vtable-verify --enable-libmpx --enable-plugin --enable-default-pie --with-system-zlib --disable-browser-plugin --enable-java-awt=gtk --enable-gtk-cairo --with-java-home=/usr/lib/jvm/java-1.5.0-gcj-6-amd64/jre --enable-java-home --with-jvm-root-dir=/usr/lib/jvm/java-1.5.0-gcj-6-amd64 --with-jvm-jar-dir=/usr/lib/jvm-exports/java-1.5.0-gcj-6-amd64 --with-arch-directory=amd64 --with-ecj-jar=/usr/share/java/eclipse-ecj.jar --with-target-system-zlib --enable-objc-gc=auto --enable-multiarch --with-arch-32=i686 --with-abi=m64 --with-multilib-list=m32,m64,mx32 --enable-multilib --with-tune=generic --enable-checking=release --build=x86_64-linux-gnu --host=x86_64-linux-gnu --target=x86_64-linux-gnu]
  ignore line: [Thread model: posix]
  ignore line: [gcc version 6.3.0 20170516 (Debian 6.3.0-18+deb9u1) ]
  ignore line: [COMPILER_PATH=/usr/lib/gcc/x86_64-linux-gnu/6/:/usr/lib/gcc/x86_64-linux-gnu/6/:/usr/lib/gcc/x86_64-linux-gnu/:/usr/lib/gcc/x86_64-linux-gnu/6/:/usr/lib/gcc/x86_64-linux-gnu/]
  ignore line: [LIBRARY_PATH=/usr/lib/gcc/x86_64-linux-gnu/6/:/usr/lib/gcc/x86_64-linux-gnu/6/../../../x86_64-linux-gnu/:/usr/lib/gcc/x86_64-linux-gnu/6/../../../../lib/:/lib/x86_64-linux-gnu/:/lib/../lib/:/usr/lib/x86_64-linux-gnu/:/usr/lib/../lib/:/usr/lib/gcc/x86_64-linux-gnu/6/../../../:/lib/:/usr/lib/]
  ignore line: [COLLECT_GCC_OPTIONS='-v' '-o' 'cmTC_d1508' '-rdynamic' '-mtune=generic' '-march=x86-64']
  link line: [ /usr/lib/gcc/x86_64-linux-gnu/6/collect2 -plugin /usr/lib/gcc/x86_64-linux-gnu/6/liblto_plugin.so -plugin-opt=/usr/lib/gcc/x86_64-linux-gnu/6/lto-wrapper -plugin-opt=-fresolution=/tmp/ccGq7Bcj.res -plugin-opt=-pass-through=-lgcc -plugin-opt=-pass-through=-lgcc_s -plugin-opt=-pass-through=-lc -plugin-opt=-pass-through=-lgcc -plugin-opt=-pass-through=-lgcc_s --sysroot=/ --build-id --eh-frame-hdr -m elf_x86_64 --hash-style=gnu -export-dynamic -dynamic-linker /lib64/ld-linux-x86-64.so.2 -pie -o cmTC_d1508 /usr/lib/gcc/x86_64-linux-gnu/6/../../../x86_64-linux-gnu/Scrt1.o /usr/lib/gcc/x86_64-linux-gnu/6/../../../x86_64-linux-gnu/crti.o /usr/lib/gcc/x86_64-linux-gnu/6/crtbeginS.o -L/usr/lib/gcc/x86_64-linux-gnu/6 -L/usr/lib/gcc/x86_64-linux-gnu/6/../../../x86_64-linux-gnu -L/usr/lib/gcc/x86_64-linux-gnu/6/../../../../lib -L/lib/x86_64-linux-gnu -L/lib/../lib -L/usr/lib/x86_64-linux-gnu -L/usr/lib/../lib -L/usr/lib/gcc/x86_64-linux-gnu/6/../../.. CMakeFiles/cmTC_d1508.dir/CMakeCCompilerABI.c.o -lgcc --as-needed -lgcc_s --no-as-needed -lc -lgcc --as-needed -lgcc_s --no-as-needed /usr/lib/gcc/x86_64-linux-gnu/6/crtendS.o /usr/lib/gcc/x86_64-linux-gnu/6/../../../x86_64-linux-gnu/crtn.o]
    arg [/usr/lib/gcc/x86_64-linux-gnu/6/collect2] ==> ignore
    arg [-plugin] ==> ignore
    arg [/usr/lib/gcc/x86_64-linux-gnu/6/liblto_plugin.so] ==> ignore
    arg [-plugin-opt=/usr/lib/gcc/x86_64-linux-gnu/6/lto-wrapper] ==> ignore
    arg [-plugin-opt=-fresolution=/tmp/ccGq7Bcj.res] ==> ignore
    arg [-plugin-opt=-pass-through=-lgcc] ==> ignore
    arg [-plugin-opt=-pass-through=-lgcc_s] ==> ignore
    arg [-plugin-opt=-pass-through=-lc] ==> ignore
    arg [-plugin-opt=-pass-through=-lgcc] ==> ignore
    arg [-plugin-opt=-pass-through=-lgcc_s] ==> ignore
    arg [--sysroot=/] ==> ignore
    arg [--build-id] ==> ignore
    arg [--eh-frame-hdr] ==> ignore
    arg [-m] ==> ignore
    arg [elf_x86_64] ==> ignore
    arg [--hash-style=gnu] ==> ignore
    arg [-export-dynamic] ==> ignore
    arg [-dynamic-linker] ==> ignore
    arg [/lib64/ld-linux-x86-64.so.2] ==> ignore
    arg [-pie] ==> ignore
    arg [-o] ==> ignore
    arg [cmTC_d1508] ==> ignore
    arg [/usr/lib/gcc/x86_64-linux-gnu/6/../../../x86_64-linux-gnu/Scrt1.o] ==> ignore
    arg [/usr/lib/gcc/x86_64-linux-gnu/6/../../../x86_64-linux-gnu/crti.o] ==> ignore
    arg [/usr/lib/gcc/x86_64-linux-gnu/6/crtbeginS.o] ==> ignore
    arg [-L/usr/lib/gcc/x86_64-linux-gnu/6] ==> dir [/usr/lib/gcc/x86_64-linux-gnu/6]
    arg [-L/usr/lib/gcc/x86_64-linux-gnu/6/../../../x86_64-linux-gnu] ==> dir [/usr/lib/gcc/x86_64-linux-gnu/6/../../../x86_64-linux-gnu]
    arg [-L/usr/lib/gcc/x86_64-linux-gnu/6/../../../../lib] ==> dir [/usr/lib/gcc/x86_64-linux-gnu/6/../../../../lib]
    arg [-L/lib/x86_64-linux-gnu] ==> dir [/lib/x86_64-linux-gnu]
    arg [-L/lib/../lib] ==> dir [/lib/../lib]
    arg [-L/usr/lib/x86_64-linux-gnu] ==> dir [/usr/lib/x86_64-linux-gnu]
    arg [-L/usr/lib/../lib] ==> dir [/usr/lib/../lib]
    arg [-L/usr/lib/gcc/x86_64-linux-gnu/6/../../..] ==> dir [/usr/lib/gcc/x86_64-linux-gnu/6/../../..]
    arg [CMakeFiles/cmTC_d1508.dir/CMakeCCompilerABI.c.o] ==> ignore
    arg [-lgcc] ==> lib [gcc]
    arg [--as-needed] ==> ignore
    arg [-lgcc_s] ==> lib [gcc_s]
    arg [--no-as-needed] ==> ignore
    arg [-lc] ==> lib [c]
    arg [-lgcc] ==> lib [gcc]
    arg [--as-needed] ==> ignore
    arg [-lgcc_s] ==> lib [gcc_s]
    arg [--no-as-needed] ==> ignore
    arg [/usr/lib/gcc/x86_64-linux-gnu/6/crtendS.o] ==> ignore
    arg [/usr/lib/gcc/x86_64-linux-gnu/6/../../../x86_64-linux-gnu/crtn.o] ==> ignore
  remove lib [gcc]
  remove lib [gcc_s]
  remove lib [gcc]
  remove lib [gcc_s]
  collapse library dir [/usr/lib/gcc/x86_64-linux-gnu/6] ==> [/usr/lib/gcc/x86_64-linux-gnu/6]
  collapse library dir [/usr/lib/gcc/x86_64-linux-gnu/6/../../../x86_64-linux-gnu] ==> [/usr/lib/x86_64-linux-gnu]
  collapse library dir [/usr/lib/gcc/x86_64-linux-gnu/6/../../../../lib] ==> [/usr/lib]
  collapse library dir [/lib/x86_64-linux-gnu] ==> [/lib/x86_64-linux-gnu]
  collapse library dir [/lib/../lib] ==> [/lib]
  collapse library dir [/usr/lib/x86_64-linux-gnu] ==> [/usr/lib/x86_64-linux-gnu]
  collapse library dir [/usr/lib/../lib] ==> [/usr/lib]
  collapse library dir [/usr/lib/gcc/x86_64-linux-gnu/6/../../..] ==> [/usr/lib]
  implicit libs: [c]
  implicit dirs: [/usr/lib/gcc/x86_64-linux-gnu/6;/usr/lib/x86_64-linux-gnu;/usr/lib;/lib/x86_64-linux-gnu;/lib]
  implicit fwks: []




Detecting C [-std=c11] compiler features compiled with the following output:
Change Dir: /home/suckerserv/orig/zuckerserv/CMakeFiles/CMakeTmp

Run Build Command:"/usr/bin/make" "cmTC_d8b7e/fast"
/usr/bin/make -f CMakeFiles/cmTC_d8b7e.dir/build.make CMakeFiles/cmTC_d8b7e.dir/build
make[1]: Entering directory '/home/suckerserv/orig/zuckerserv/CMakeFiles/CMakeTmp'
Building C object CMakeFiles/cmTC_d8b7e.dir/feature_tests.c.o
/usr/bin/cc    -std=c11 -o CMakeFiles/cmTC_d8b7e.dir/feature_tests.c.o   -c /home/suckerserv/orig/zuckerserv/CMakeFiles/feature_tests.c
Linking C executable cmTC_d8b7e
/usr/bin/cmake -E cmake_link_script CMakeFiles/cmTC_d8b7e.dir/link.txt --verbose=1
/usr/bin/cc       CMakeFiles/cmTC_d8b7e.dir/feature_tests.c.o  -o cmTC_d8b7e -rdynamic 
make[1]: Leaving directory '/home/suckerserv/orig/zuckerserv/CMakeFiles/CMakeTmp'


    Feature record: C_FEATURE:1c_function_prototypes
    Feature record: C_FEATURE:1c_restrict
    Feature record: C_FEATURE:1c_static_assert
    Feature record: C_FEATURE:1c_variadic_macros


Detecting C [-std=c99] compiler features compiled with the following output:
Change Dir: /home/suckerserv/orig/zuckerserv/CMakeFiles/CMakeTmp

Run Build Command:"/usr/bin/make" "cmTC_c1d5c/fast"
/usr/bin/make -f CMakeFiles/cmTC_c1d5c.dir/build.make CMakeFiles/cmTC_c1d5c.dir/build
make[1]: Entering directory '/home/suckerserv/orig/zuckerserv/CMakeFiles/CMakeTmp'
Building C object CMakeFiles/cmTC_c1d5c.dir/feature_tests.c.o
/usr/bin/cc    -std=c99 -o CMakeFiles/cmTC_c1d5c.dir/feature_tests.c.o   -c /home/suckerserv/orig/zuckerserv/CMakeFiles/feature_tests.c
Linking C executable cmTC_c1d5c
/usr/bin/cmake -E cmake_link_script CMakeFiles/cmTC_c1d5c.dir/link.txt --verbose=1
/usr/bin/cc       CMakeFiles/cmTC_c1d5c.dir/feature_tests.c.o  -o cmTC_c1d5c -rdynamic 
make[1]: Leaving directory '/home/suckerserv/orig/zuckerserv/CMakeFiles/CMakeTmp'


    Feature record: C_FEATURE:1c_function_prototypes
    Feature record: C_FEATURE:1c_restrict
    Feature record: C_FEATURE:0c_static_assert
    Feature record: C_FEATURE:1c_variadic_macros


Detecting C [-std=c90] compiler features compiled with the following output:
Change Dir: /home/suckerserv/orig/zuckerserv/CMakeFiles/CMakeTmp

Run Build Command:"/usr/bin/make" "cmTC_e9379/fast"
/usr/bin/make -f CMakeFiles/cmTC_e9379.dir/build.make CMakeFiles/cmTC_e9379.dir/build
make[1]: Entering directory '/home/suckerserv/orig/zuckerserv/CMakeFiles/CMakeTmp'
Building C object CMakeFiles/cmTC_e9379.dir/feature_tests.c.o
/usr/bin/cc    -std=c90 -o CMakeFiles/cmTC_e9379.dir/feature_tests.c.o   -c /home/suckerserv/orig/zuckerserv/CMakeFiles/feature_tests.c
Linking C executable cmTC_e9379
/usr/bin/cmake -E cmake_link_script CMakeFiles/cmTC_e9379.dir/link.txt --verbose=1
/usr/bin/cc       CMakeFiles/cmTC_e9379.dir/feature_tests.c.o  -o cmTC_e9379 -rdynamic 
make[1]: Leaving directory '/home/suckerserv/orig/zuckerserv/CMakeFiles/CMakeTmp'


    Feature record: C_FEATURE:1c_function_prototypes
    Feature record: C_FEATURE:0c_restrict
    Feature record: C_FEATURE:0c_static_assert
    Feature record: C_FEATURE:0c_variadic_macros
Determining if the CXX compiler works passed with the following output:
Change Dir: /home/suckerserv/orig/zuckerserv/CMakeFiles/CMakeTmp

Run Build Command:"/usr/bin/make" "cmTC_2bcdc/fast"
/usr/bin/make -f CMakeFiles/cmTC_2bcdc.dir/build.make CMakeFiles/cmTC_2bcdc.dir/build
make[1]: Entering directory '/home/suckerserv/orig/zuckerserv/CMakeFiles/CMakeTmp'
Building CXX object CMakeFiles/cmTC_2bcdc.dir/testCXXCompiler.cxx.o
/usr/bin/c++      -o CMakeFiles/cmTC_2bcdc.dir/testCXXCompiler.cxx.o -c /home/suckerserv/orig/zuckerserv/CMakeFiles/CMakeTmp/testCXXCompiler.cxx
Linking CXX executable cmTC_2bcdc
/usr/bin/cmake -E cmake_link_script CMakeFiles/cmTC_2bcdc.dir/link.txt --verbose=1
/usr/bin/c++        CMakeFiles/cmTC_2bcdc.dir/testCXXCompiler.cxx.o  -o cmTC_2bcdc -rdynamic 
make[1]: Leaving directory '/home/suckerserv/orig/zuckerserv/CMakeFiles/CMakeTmp'


Detecting CXX compiler ABI info compiled with the following output:
Change Dir: /home/suckerserv/orig/zuckerserv/CMakeFiles/CMakeTmp

Run Build Command:"/usr/bin/make" "cmTC_245f0/fast"
/usr/bin/make -f CMakeFiles/cmTC_245f0.dir/build.make CMakeFiles/cmTC_245f0.dir/build
make[1]: Entering directory '/home/suckerserv/orig/zuckerserv/CMakeFiles/CMakeTmp'
Building CXX object CMakeFiles/cmTC_245f0.dir/CMakeCXXCompilerABI.cpp.o
/usr/bin/c++      -o CMakeFiles/cmTC_245f0.dir/CMakeCXXCompilerABI.cpp.o -c /usr/share/cmake-3.7/Modules/CMakeCXXCompilerABI.cpp
Linking CXX executable cmTC_245f0
/usr/bin/cmake -E cmake_link_script CMakeFiles/cmTC_245f0.dir/link.txt --verbose=1
/usr/bin/c++       -v CMakeFiles/cmTC_245f0.dir/CMakeCXXCompilerABI.cpp.o  -o cmTC_245f0 -rdynamic  
Using built-in specs.
COLLECT_GCC=/usr/bin/c++
COLLECT_LTO_WRAPPER=/usr/lib/gcc/x86_64-linux-gnu/6/lto-wrapper
Target: x86_64-linux-gnu
Configured with: ../src/configure -v --with-pkgversion='Debian 6.3.0-18+deb9u1' --with-bugurl=file:///usr/share/doc/gcc-6/README.Bugs --enable-languages=c,ada,c++,java,go,d,fortran,objc,obj-c++ --prefix=/usr --program-suffix=-6 --program-prefix=x86_64-linux-gnu- --enable-shared --enable-linker-build-id --libexecdir=/usr/lib --without-included-gettext --enable-threads=posix --libdir=/usr/lib --enable-nls --with-sysroot=/ --enable-clocale=gnu --enable-libstdcxx-debug --enable-libstdcxx-time=yes --with-default-libstdcxx-abi=new --enable-gnu-unique-object --disable-vtable-verify --enable-libmpx --enable-plugin --enable-default-pie --with-system-zlib --disable-browser-plugin --enable-java-awt=gtk --enable-gtk-cairo --with-java-home=/usr/lib/jvm/java-1.5.0-gcj-6-amd64/jre --enable-java-home --with-jvm-root-dir=/usr/lib/jvm/java-1.5.0-gcj-6-amd64 --with-jvm-jar-dir=/usr/lib/jvm-exports/java-1.5.0-gcj-6-amd64 --with-arch-directory=amd64 --with-ecj-jar=/usr/share/java/eclipse-ecj.jar --with-target-system-zlib --enable-objc-gc=auto --enable-multiarch --with-arch-32=i686 --with-abi=m64 --with-multilib-list=m32,m64,mx32 --enable-multilib --with-tune=generic --enable-checking=release --build=x86_64-linux-gnu --host=x86_64-linux-gnu --target=x86_64-linux-gnu
Thread model: posix
gcc version 6.3.0 20170516 (Debian 6.3.0-18+deb9u1) 
COMPILER_PATH=/usr/lib/gcc/x86_64-linux-gnu/6/:/usr/lib/gcc/x86_64-linux-gnu/6/:/usr/lib/gcc/x86_64-linux-gnu/:/usr/lib/gcc/x86_64-linux-gnu/6/:/usr/lib/gcc/x86_64-linux-gnu/
LIBRARY_PATH=/usr/lib/gcc/x86_64-linux-gnu/6/:/usr/lib/gcc/x86_64-linux-gnu/6/../../../x86_64-linux-gnu/:/usr/lib/gcc/x86_64-linux-gnu/6/../../../../lib/:/lib/x86_64-linux-gnu/:/lib/../lib/:/usr/lib/x86_64-linux-gnu/:/usr/lib/../lib/:/usr/lib/gcc/x86_64-linux-gnu/6/../../../:/lib/:/usr/lib/
COLLECT_GCC_OPTIONS='-v' '-o' 'cmTC_245f0' '-rdynamic' '-shared-libgcc' '-mtune=generic' '-march=x86-64'
 /usr/lib/gcc/x86_64-linux-gnu/6/collect2 -plugin /usr/lib/gcc/x86_64-linux-gnu/6/liblto_plugin.so -plugin-opt=/usr/lib/gcc/x86_64-linux-gnu/6/lto-wrapper -plugin-opt=-fresolution=/tmp/ccxcQG08.res -plugin-opt=-pass-through=-lgcc_s -plugin-opt=-pass-through=-lgcc -plugin-opt=-pass-through=-lc -plugin-opt=-pass-through=-lgcc_s -plugin-opt=-pass-through=-lgcc --sysroot=/ --build-id --eh-frame-hdr -m elf_x86_64 --hash-style=gnu -export-dynamic -dynamic-linker /lib64/ld-linux-x86-64.so.2 -pie -o cmTC_245f0 /usr/lib/gcc/x86_64-linux-gnu/6/../../../x86_64-linux-gnu/Scrt1.o /usr/lib/gcc/x86_64-linux-gnu/6/../../../x86_64-linux-gnu/crti.o /usr/lib/gcc/x86_64-linux-gnu/6/crtbeginS.o -L/usr/lib/gcc/x86_64-linux-gnu/6 -L/usr/lib/gcc/x86_64-linux-gnu/6/../../../x86_64-linux-gnu -L/usr/lib/gcc/x86_64-linux-gnu/6/../../../../lib -L/lib/x86_64-linux-gnu -L/lib/../lib -L/usr/lib/x86_64-linux-gnu -L/usr/lib/../lib -L/usr/lib/gcc/x86_64-linux-gnu/6/../../.. CMakeFiles/cmTC_245f0.dir/CMakeCXXCompilerABI.cpp.o -lstdc++ -lm -lgcc_s -lgcc -lc -lgcc_s -lgcc /usr/lib/gcc/x86_64-linux-gnu/6/crtendS.o /usr/lib/gcc/x86_64-linux-gnu/6/../../../x86_64-linux-gnu/crtn.o
COLLECT_GCC_OPTIONS='-v' '-o' 'cmTC_245f0' '-rdynamic' '-shared-libgcc' '-mtune=generic' '-march=x86-64'
make[1]: Leaving directory '/home/suckerserv/orig/zuckerserv/CMakeFiles/CMakeTmp'


Parsed CXX implicit link information from above output:
  link line regex: [^( *|.*[/\])(ld|([^/\]+-)?ld|collect2)[^/\]*( |$)]
  ignore line: [Change Dir: /home/suckerserv/orig/zuckerserv/CMakeFiles/CMakeTmp]
  ignore line: []
  ignore line: [Run Build Command:"/usr/bin/make" "cmTC_245f0/fast"]
  ignore line: [/usr/bin/make -f CMakeFiles/cmTC_245f0.dir/build.make CMakeFiles/cmTC_245f0.dir/build]
  ignore line: [make[1]: Entering directory '/home/suckerserv/orig/zuckerserv/CMakeFiles/CMakeTmp']
  ignore line: [Building CXX object CMakeFiles/cmTC_245f0.dir/CMakeCXXCompilerABI.cpp.o]
  ignore line: [/usr/bin/c++      -o CMakeFiles/cmTC_245f0.dir/CMakeCXXCompilerABI.cpp.o -c /usr/share/cmake-3.7/Modules/CMakeCXXCompilerABI.cpp]
  ignore line: [Linking CXX executable cmTC_245f0]
  ignore line: [/usr/bin/cmake -E cmake_link_script CMakeFiles/cmTC_245f0.dir/link.txt --verbose=1]
  ignore line: [/usr/bin/c++       -v CMakeFiles/cmTC_245f0.dir/CMakeCXXCompilerABI.cpp.o  -o cmTC_245f0 -rdynamic  ]
  ignore line: [Using built-in specs.]
  ignore line: [COLLECT_GCC=/usr/bin/c++]
  ignore line: [COLLECT_LTO_WRAPPER=/usr/lib/gcc/x86_64-linux-gnu/6/lto-wrapper]
  ignore line: [Target: x86_64-linux-gnu]
  ignore line: [Configured with: ../src/configure -v --with-pkgversion='Debian 6.3.0-18+deb9u1' --with-bugurl=file:///usr/share/doc/gcc-6/README.Bugs --enable-languages=c,ada,c++,java,go,d,fortran,objc,obj-c++ --prefix=/usr --program-suffix=-6 --program-prefix=x86_64-linux-gnu- --enable-shared --enable-linker-build-id --libexecdir=/usr/lib --without-included-gettext --enable-threads=posix --libdir=/usr/lib --enable-nls --with-sysroot=/ --enable-clocale=gnu --enable-libstdcxx-debug --enable-libstdcxx-time=yes --with-default-libstdcxx-abi=new --enable-gnu-unique-object --disable-vtable-verify --enable-libmpx --enable-plugin --enable-default-pie --with-system-zlib --disable-browser-plugin --enable-java-awt=gtk --enable-gtk-cairo --with-java-home=/usr/lib/jvm/java-1.5.0-gcj-6-amd64/jre --enable-java-home --with-jvm-root-dir=/usr/lib/jvm/java-1.5.0-gcj-6-amd64 --with-jvm-jar-dir=/usr/lib/jvm-exports/java-1.5.0-gcj-6-amd64 --with-arch-directory=amd64 --with-ecj-jar=/usr/share/java/eclipse-ecj.jar --with-target-system-zlib --enable-objc-gc=auto --enable-multiarch --with-arch-32=i686 --with-abi=m64 --with-multilib-list=m32,m64,mx32 --enable-multilib --with-tune=generic --enable-checking=release --build=x86_64-linux-gnu --host=x86_64-linux-gnu --target=x86_64-linux-gnu]
  ignore line: [Thread model: posix]
  ignore line: [gcc version 6.3.0 20170516 (Debian 6.3.0-18+deb9u1) ]
  ignore line: [COMPILER_PATH=/usr/lib/gcc/x86_64-linux-gnu/6/:/usr/lib/gcc/x86_64-linux-gnu/6/:/usr/lib/gcc/x86_64-linux-gnu/:/usr/lib/gcc/x86_64-linux-gnu/6/:/usr/lib/gcc/x86_64-linux-gnu/]
  ignore line: [LIBRARY_PATH=/usr/lib/gcc/x86_64-linux-gnu/6/:/usr/lib/gcc/x86_64-linux-gnu/6/../../../x86_64-linux-gnu/:/usr/lib/gcc/x86_64-linux-gnu/6/../../../../lib/:/lib/x86_64-linux-gnu/:/lib/../lib/:/usr/lib/x86_64-linux-gnu/:/usr/lib/../lib/:/usr/lib/gcc/x86_64-linux-gnu/6/../../../:/lib/:/usr/lib/]
  ignore line: [COLLECT_GCC_OPTIONS='-v' '-o' 'cmTC_245f0' '-rdynamic' '-shared-libgcc' '-mtune=generic' '-march=x86-64']
  link line: [ /usr/lib/gcc/x86_64-linux-gnu/6/collect2 -plugin /usr/lib/gcc/x86_64-linux-gnu/6/liblto_plugin.so -plugin-opt=/usr/lib/gcc/x86_64-linux-gnu/6/lto-wrapper -plugin-opt=-fresolution=/tmp/ccxcQG08.res -plugin-opt=-pass-through=-lgcc_s -plugin-opt=-pass-through=-lgcc -plugin-opt=-pass-through=-lc -plugin-opt=-pass-through=-lgcc_s -plugin-opt=-pass-through=-lgcc --sysroot=/ --build-id --eh-frame-hdr -m elf_x86_64 --hash-style=gnu -export-dynamic -dynamic-linker /lib64/ld-linux-x86-64.so.2 -pie -o cmTC_245f0 /usr/lib/gcc/x86_64-linux-gnu/6/../../../x86_64-linux-gnu/Scrt1.o /usr/lib/gcc/x86_64-linux-gnu/6/../../../x86_64-linux-gnu/crti.o /usr/lib/gcc/x86_64-linux-gnu/6/crtbeginS.o -L/usr/lib/gcc/x86_64-linux-gnu/6 -L/usr/lib/gcc/x86_64-linux-gnu/6/../../../x86_64-linux-gnu -L/usr/lib/gcc/x86_64-linux-gnu/6/../../../../lib -L/lib/x86_64-linux-gnu -L/lib/../lib -L/usr/lib/x86_64-linux-gnu -L/usr/lib/../lib -L/usr/lib/gcc/x86_64-linux-gnu/6/../../.. CMakeFiles/cmTC_245f0.dir/CMakeCXXCompilerABI.cpp.o -lstdc++ -lm -lgcc_s -lgcc -lc -lgcc_s -lgcc /usr/lib/gcc/x86_64-linux-gnu/6/crtendS.o /usr/lib/gcc/x86_64-linux-gnu/6/../../../x86_64-linux-gnu/crtn.o]
    arg [/usr/lib/gcc/x86_64-linux-gnu/6/collect2] ==> ignore
    arg [-plugin] ==> ignore
    arg [/usr/lib/gcc/x86_64-linux-gnu/6/liblto_plugin.so] ==> ignore
    arg [-plugin-opt=/usr/lib/gcc/x86_64-linux-gnu/6/lto-wrapper] ==> ignore
    arg [-plugin-opt=-fresolution=/tmp/ccxcQG08.res] ==> ignore
    arg [-plugin-opt=-pass-through=-lgcc_s] ==> ignore
    arg [-plugin-opt=-pass-through=-lgcc] ==> ignore
    arg [-plugin-opt=-pass-through=-lc] ==> ignore
    arg [-plugin-opt=-pass-through=-lgcc_s] ==> ignore
    arg [-plugin-opt=-pass-through=-lgcc] ==> ignore
    arg [--sysroot=/] ==> ignore
    arg [--build-id] ==> ignore
    arg [--eh-frame-hdr] ==> ignore
    arg [-m] ==> ignore
    arg [elf_x86_64] ==> ignore
    arg [--hash-style=gnu] ==> ignore
    arg [-export-dynamic] ==> ignore
    arg [-dynamic-linker] ==> ignore
    arg [/lib64/ld-linux-x86-64.so.2] ==> ignore
    arg [-pie] ==> ignore
    arg [-o] ==> ignore
    arg [cmTC_245f0] ==> ignore
    arg [/usr/lib/gcc/x86_64-linux-gnu/6/../../../x86_64-linux-gnu/Scrt1.o] ==> ignore
    arg [/usr/lib/gcc/x86_64-linux-gnu/6/../../../x86_64-linux-gnu/crti.o] ==> ignore
    arg [/usr/lib/gcc/x86_64-linux-gnu/6/crtbeginS.o] ==> ignore
    arg [-L/usr/lib/gcc/x86_64-linux-gnu/6] ==> dir [/usr/lib/gcc/x86_64-linux-gnu/6]
    arg [-L/usr/lib/gcc/x86_64-linux-gnu/6/../../../x86_64-linux-gnu] ==> dir [/usr/lib/gcc/x86_64-linux-gnu/6/../../../x86_64-linux-gnu]
    arg [-L/usr/lib/gcc/x86_64-linux-gnu/6/../../../../lib] ==> dir [/usr/lib/gcc/x86_64-linux-gnu/6/../../../../lib]
    arg [-L/lib/x86_64-linux-gnu] ==> dir [/lib/x86_64-linux-gnu]
    arg [-L/lib/../lib] ==> dir [/lib/../lib]
    arg [-L/usr/lib/x86_64-linux-gnu] ==> dir [/usr/lib/x86_64-linux-gnu]
    arg [-L/usr/lib/../lib] ==> dir [/usr/lib/../lib]
    arg [-L/usr/lib/gcc/x86_64-linux-gnu/6/../../..] ==> dir [/usr/lib/gcc/x86_64-linux-gnu/6/../../..]
    arg [CMakeFiles/cmTC_245f0.dir/CMakeCXXCompilerABI.cpp.o] ==> ignore
    arg [-lstdc++] ==> lib [stdc++]
    arg [-lm] ==> lib [m]
    arg [-lgcc_s] ==> lib [gcc_s]
    arg [-lgcc] ==> lib [gcc]
    arg [-lc] ==> lib [c]
    arg [-lgcc_s] ==> lib [gcc_s]
    arg [-lgcc] ==> lib [gcc]
    arg [/usr/lib/gcc/x86_64-linux-gnu/6/crtendS.o] ==> ignore
    arg [/usr/lib/gcc/x86_64-linux-gnu/6/../../../x86_64-linux-gnu/crtn.o] ==> ignore
  remove lib [gcc_s]
  remove lib [gcc]
  remove lib [gcc_s]
  remove lib [gcc]
  collapse library dir [/usr/lib/gcc/x86_64-linux-gnu/6] ==> [/usr/lib/gcc/x86_64-linux-gnu/6]
  collapse library dir [/usr/lib/gcc/x86_64-linux-gnu/6/../../../x86_64-linux-gnu] ==> [/usr/lib/x86_64-linux-gnu]
  collapse library dir [/usr/lib/gcc/x86_64-linux-gnu/6/../../../../lib] ==> [/usr/lib]
  collapse library dir [/lib/x86_64-linux-gnu] ==> [/lib/x86_64-linux-gnu]
  collapse library dir [/lib/../lib] ==> [/lib]
  collapse library dir [/usr/lib/x86_64-linux-gnu] ==> [/usr/lib/x86_64-linux-gnu]
  collapse library dir [/usr/lib/../lib] ==> [/usr/lib]
  collapse library dir [/usr/lib/gcc/x86_64-linux-gnu/6/../../..] ==> [/usr/lib]
  implicit libs: [stdc++;m;c]
  implicit dirs: [/usr/lib/gcc/x86_64-linux-gnu/6;/usr/lib/x86_64-linux-gnu;/usr/lib;/lib/x86_64-linux-gnu;/lib]
  implicit fwks: []




Detecting CXX [-std=c++14] compiler features compiled with the following output:
Change Dir: /home/suckerserv/orig/zuckerserv/CMakeFiles/CMakeTmp

Run Build Command:"/usr/bin/make" "cmTC_48439/fast"
/usr/bin/make -f CMakeFiles/cmTC_48439.dir/build.make CMakeFiles/cmTC_48439.dir/build
make[1]: Entering directory '/home/suckerserv/orig/zuckerserv/CMakeFiles/CMakeTmp'
Building CXX object CMakeFiles/cmTC_48439.dir/feature_tests.cxx.o
/usr/bin/c++     -std=c++14 -o CMakeFiles/cmTC_48439.dir/feature_tests.cxx.o -c /home/suckerserv/orig/zuckerserv/CMakeFiles/feature_tests.cxx
Linking CXX executable cmTC_48439
/usr/bin/cmake -E cmake_link_script CMakeFiles/cmTC_48439.dir/link.txt --verbose=1
/usr/bin/c++        CMakeFiles/cmTC_48439.dir/feature_tests.cxx.o  -o cmTC_48439 -rdynamic 
make[1]: Leaving directory '/home/suckerserv/orig/zuckerserv/CMakeFiles/CMakeTmp'


    Feature record: CXX_FEATURE:1cxx_aggregate_default_initializers
    Feature record: CXX_FEATURE:1cxx_alias_templates
    Feature record: CXX_FEATURE:1cxx_alignas
    Feature record: CXX_FEATURE:1cxx_alignof
    Feature record: CXX_FEATURE:1cxx_attributes
    Feature record: CXX_FEATURE:1cxx_attribute_deprecated
    Feature record: CXX_FEATURE:1cxx_auto_type
    Feature record: CXX_FEATURE:1cxx_binary_literals
    Feature record: CXX_FEATURE:1cxx_constexpr
    Feature record: CXX_FEATURE:1cxx_contextual_conversions
    Feature record: CXX_FEATURE:1cxx_decltype
    Feature record: CXX_FEATURE:1cxx_decltype_auto
    Feature record: CXX_FEATURE:1cxx_decltype_incomplete_return_types
    Feature record: CXX_FEATURE:1cxx_default_function_template_args
    Feature record: CXX_FEATURE:1cxx_defaulted_functions
    Feature record: CXX_FEATURE:1cxx_defaulted_move_initializers
    Feature record: CXX_FEATURE:1cxx_delegating_constructors
    Feature record: CXX_FEATURE:1cxx_deleted_functions
    Feature record: CXX_FEATURE:1cxx_digit_separators
    Feature record: CXX_FEATURE:1cxx_enum_forward_declarations
    Feature record: CXX_FEATURE:1cxx_explicit_conversions
    Feature record: CXX_FEATURE:1cxx_extended_friend_declarations
    Feature record: CXX_FEATURE:1cxx_extern_templates
    Feature record: CXX_FEATURE:1cxx_final
    Feature record: CXX_FEATURE:1cxx_func_identifier
    Feature record: CXX_FEATURE:1cxx_generalized_initializers
    Feature record: CXX_FEATURE:1cxx_generic_lambdas
    Feature record: CXX_FEATURE:1cxx_inheriting_constructors
    Feature record: CXX_FEATURE:1cxx_inline_namespaces
    Feature record: CXX_FEATURE:1cxx_lambdas
    Feature record: CXX_FEATURE:1cxx_lambda_init_captures
    Feature record: CXX_FEATURE:1cxx_local_type_template_args
    Feature record: CXX_FEATURE:1cxx_long_long_type
    Feature record: CXX_FEATURE:1cxx_noexcept
    Feature record: CXX_FEATURE:1cxx_nonstatic_member_init
    Feature record: CXX_FEATURE:1cxx_nullptr
    Feature record: CXX_FEATURE:1cxx_override
    Feature record: CXX_FEATURE:1cxx_range_for
    Feature record: CXX_FEATURE:1cxx_raw_string_literals
    Feature record: CXX_FEATURE:1cxx_reference_qualified_functions
    Feature record: CXX_FEATURE:1cxx_relaxed_constexpr
    Feature record: CXX_FEATURE:1cxx_return_type_deduction
    Feature record: CXX_FEATURE:1cxx_right_angle_brackets
    Feature record: CXX_FEATURE:1cxx_rvalue_references
    Feature record: CXX_FEATURE:1cxx_sizeof_member
    Feature record: CXX_FEATURE:1cxx_static_assert
    Feature record: CXX_FEATURE:1cxx_strong_enums
    Feature record: CXX_FEATURE:1cxx_template_template_parameters
    Feature record: CXX_FEATURE:1cxx_thread_local
    Feature record: CXX_FEATURE:1cxx_trailing_return_types
    Feature record: CXX_FEATURE:1cxx_unicode_literals
    Feature record: CXX_FEATURE:1cxx_uniform_initialization
    Feature record: CXX_FEATURE:1cxx_unrestricted_unions
    Feature record: CXX_FEATURE:1cxx_user_literals
    Feature record: CXX_FEATURE:1cxx_variable_templates
    Feature record: CXX_FEATURE:1cxx_variadic_macros
    Feature record: CXX_FEATURE:1cxx_variadic_templates


Detecting CXX [-std=c++11] compiler features compiled with the following output:
Change Dir: /home/suckerserv/orig/zuckerserv/CMakeFiles/CMakeTmp

Run Build Command:"/usr/bin/make" "cmTC_0a201/fast"
/usr/bin/make -f CMakeFiles/cmTC_0a201.dir/build.make CMakeFiles/cmTC_0a201.dir/build
make[1]: Entering directory '/home/suckerserv/orig/zuckerserv/CMakeFiles/CMakeTmp'
Building CXX object CMakeFiles/cmTC_0a201.dir/feature_tests.cxx.o
/usr/bin/c++     -std=c++11 -o CMakeFiles/cmTC_0a201.dir/feature_tests.cxx.o -c /home/suckerserv/orig/zuckerserv/CMakeFiles/feature_tests.cxx
Linking CXX executable cmTC_0a201
/usr/bin/cmake -E cmake_link_script CMakeFiles/cmTC_0a201.dir/link.txt --verbose=1
/usr/bin/c++        CMakeFiles/cmTC_0a201.dir/feature_tests.cxx.o  -o cmTC_0a201 -rdynamic 
make[1]: Leaving directory '/home/suckerserv/orig/zuckerserv/CMakeFiles/CMakeTmp'


    Feature record: CXX_FEATURE:0cxx_aggregate_default_initializers
    Feature record: CXX_FEATURE:1cxx_alias_templates
    Feature record: CXX_FEATURE:1cxx_alignas
    Feature record: CXX_FEATURE:1cxx_alignof
    Feature record: CXX_FEATURE:1cxx_attributes
    Feature record: CXX_FEATURE:0cxx_attribute_deprecated
    Feature record: CXX_FEATURE:1cxx_auto_type
    Feature record: CXX_FEATURE:0cxx_binary_literals
    Feature record: CXX_FEATURE:1cxx_constexpr
    Feature record: CXX_FEATURE:0cxx_contextual_conversions
    Feature record: CXX_FEATURE:1cxx_decltype
    Feature record: CXX_FEATURE:0cxx_decltype_auto
    Feature record: CXX_FEATURE:1cxx_decltype_incomplete_return_types
    Feature record: CXX_FEATURE:1cxx_default_function_template_args
    Feature record: CXX_FEATURE:1cxx_defaulted_functions
    Feature record: CXX_FEATURE:1cxx_defaulted_move_initializers
    Feature record: CXX_FEATURE:1cxx_delegating_constructors
    Feature record: CXX_FEATURE:1cxx_deleted_functions
    Feature record: CXX_FEATURE:0cxx_digit_separators
    Feature record: CXX_FEATURE:1cxx_enum_forward_declarations
    Feature record: CXX_FEATURE:1cxx_explicit_conversions
    Feature record: CXX_FEATURE:1cxx_extended_friend_declarations
    Feature record: CXX_FEATURE:1cxx_extern_templates
    Feature record: CXX_FEATURE:1cxx_final
    Feature record: CXX_FEATURE:1cxx_func_identifier
    Feature record: CXX_FEATURE:1cxx_generalized_initializers
    Feature record: CXX_FEATURE:0cxx_generic_lambdas
    Feature record: CXX_FEATURE:1cxx_inheriting_constructors
    Feature record: CXX_FEATURE:1cxx_inline_namespaces
    Feature record: CXX_FEATURE:1cxx_lambdas
    Feature record: CXX_FEATURE:0cxx_lambda_init_captures
    Feature record: CXX_FEATURE:1cxx_local_type_template_args
    Feature record: CXX_FEATURE:1cxx_long_long_type
    Feature record: CXX_FEATURE:1cxx_noexcept
    Feature record: CXX_FEATURE:1cxx_nonstatic_member_init
    Feature record: CXX_FEATURE:1cxx_nullptr
    Feature record: CXX_FEATURE:1cxx_override
    Feature record: CXX_FEATURE:1cxx_range_for
    Feature record: CXX_FEATURE:1cxx_raw_string_literals
    Feature record: CXX_FEATURE:1cxx_reference_qualified_functions
    Feature record: CXX_FEATURE:0cxx_relaxed_constexpr
    Feature record: CXX_FEATURE:0cxx_return_type_deduction
    Feature record: CXX_FEATURE:1cxx_right_angle_brackets
    Feature record: CXX_FEATURE:1cxx_rvalue_references
    Feature record: CXX_FEATURE:1cxx_sizeof_member
    Feature record: CXX_FEATURE:1cxx_static_assert
    Feature record: CXX_FEATURE:1cxx_strong_enums
    Feature record: CXX_FEATURE:1cxx_template_template_parameters
    Feature record: CXX_FEATURE:1cxx_thread_local
    Feature record: CXX_FEATURE:1cxx_trailing_return_types
    Feature record: CXX_FEATURE:1cxx_unicode_literals
    Feature record: CXX_FEATURE:1cxx_uniform_initialization
    Feature record: CXX_FEATURE:1cxx_unrestricted_unions
    Feature record: CXX_FEATURE:1cxx_user_literals
    Feature record: CXX_FEATURE:0cxx_variable_templates
    Feature record: CXX_FEATURE:1cxx_variadic_macros
    Feature record: CXX_FEATURE:1cxx_variadic_templates


Detecting CXX [-std=c++98] compiler features compiled with the following output:
Change Dir: /home/suckerserv/orig/zuckerserv/CMakeFiles/CMakeTmp

Run Build Command:"/usr/bin/make" "cmTC_609a7/fast"
/usr/bin/make -f CMakeFiles/cmTC_609a7.dir/build.make CMakeFiles/cmTC_609a7.dir/build
make[1]: Entering directory '/home/suckerserv/orig/zuckerserv/CMakeFiles/CMakeTmp'
Building CXX object CMakeFiles/cmTC_609a7.dir/feature_tests.cxx.o
/usr/bin/c++     -std=c++98 -o CMakeFiles/cmTC_609a7.dir/feature_tests.cxx.o -c /home/suckerserv/orig/zuckerserv/CMakeFiles/feature_tests.cxx
Linking CXX executable cmTC_609a7
/usr/bin/cmake -E cmake_link_script CMakeFiles/cmTC_609a7.dir/link.txt --verbose=1
/usr/bin/c++        CMakeFiles/cmTC_609a7.dir/feature_tests.cxx.o  -o cmTC_609a7 -rdynamic 
make[1]: Leaving directory '/home/suckerserv/orig/zuckerserv/CMakeFiles/CMakeTmp'


    Feature record: CXX_FEATURE:0cxx_aggregate_default_initializers
    Feature record: CXX_FEATURE:0cxx_alias_templates
    Feature record: CXX_FEATURE:0cxx_alignas
    Feature record: CXX_FEATURE:0cxx_alignof
    Feature record: CXX_FEATURE:0cxx_attributes
    Feature record: CXX_FEATURE:0cxx_attribute_deprecated
    Feature record: CXX_FEATURE:0cxx_auto_type
    Feature record: CXX_FEATURE:0cxx_binary_literals
    Feature record: CXX_FEATURE:0cxx_constexpr
    Feature record: CXX_FEATURE:0cxx_contextual_conversions
    Feature record: CXX_FEATURE:0cxx_decltype
    Feature record: CXX_FEATURE:0cxx_decltype_auto
    Feature record: CXX_FEATURE:0cxx_decltype_incomplete_return_types
    Feature record: CXX_FEATURE:0cxx_default_function_template_args
    Feature record: CXX_FEATURE:0cxx_defaulted_functions
    Feature record: CXX_FEATURE:0cxx_defaulted_move_initializers
    Feature record: CXX_FEATURE:0cxx_delegating_constructors
    Feature record: CXX_FEATURE:0cxx_deleted_functions
    Feature record: CXX_FEATURE:0cxx_digit_separators
    Feature record: CXX_FEATURE:0cxx_enum_forward_declarations
    Feature record: CXX_FEATURE:0cxx_explicit_conversions
    Feature record: CXX_FEATURE:0cxx_extended_friend_declarations
    Feature record: CXX_FEATURE:0cxx_extern_templates
    Feature record: CXX_FEATURE:0cxx_final
    Feature record: CXX_FEATURE:0cxx_func_identifier
    Feature record: CXX_FEATURE:0cxx_generalized_initializers
    Feature record: CXX_FEATURE:0cxx_generic_lambdas
    Feature record: CXX_FEATURE:0cxx_inheriting_constructors
    Feature record: CXX_FEATURE:0cxx_inline_namespaces
    Feature record: CXX_FEATURE:0cxx_lambdas
    Feature record: CXX_FEATURE:0cxx_lambda_init_captures
    Feature record: CXX_FEATURE:0cxx_local_type_template_args
    Feature record: CXX_FEATURE:0cxx_long_long_type
    Feature record: CXX_FEATURE:0cxx_noexcept
    Feature record: CXX_FEATURE:0cxx_nonstatic_member_init
    Feature record: CXX_FEATURE:0cxx_nullptr
    Feature record: CXX_FEATURE:0cxx_override
    Feature record: CXX_FEATURE:0cxx_range_for
    Feature record: CXX_FEATURE:0cxx_raw_string_literals
    Feature record: CXX_FEATURE:0cxx_reference_qualified_functions
    Feature record: CXX_FEATURE:0cxx_relaxed_constexpr
    Feature record: CXX_FEATURE:0cxx_return_type_deduction
    Feature record: CXX_FEATURE:0cxx_right_angle_brackets
    Feature record: CXX_FEATURE:0cxx_rvalue_references
    Feature record: CXX_FEATURE:0cxx_sizeof_member
    Feature record: CXX_FEATURE:0cxx_static_assert
    Feature record: CXX_FEATURE:0cxx_strong_enums
    Feature record: CXX_FEATURE:1cxx_template_template_parameters
    Feature record: CXX_FEATURE:0cxx_thread_local
    Feature record: CXX_FEATURE:0cxx_trailing_return_types
    Feature record: CXX_FEATURE:0cxx_unicode_literals
    Feature record: CXX_FEATURE:0cxx_uniform_initialization
    Feature record: CXX_FEATURE:0cxx_unrestricted_unions
    Feature record: CXX_FEATURE:0cxx_user_literals
    Feature record: CXX_FEATURE:0cxx_variable_templates
    Feature record: CXX_FEATURE:0cxx_variadic_macros
    Feature record: CXX_FEATURE:0cxx_variadic_templates
Determining if the function getaddrinfo exists passed with the following output:
Change Dir: /home/suckerserv/orig/zuckerserv/CMakeFiles/CMakeTmp

Run Build Command:"/usr/bin/make" "cmTC_eac1e/fast"
/usr/bin/make -f CMakeFiles/cmTC_eac1e.dir/build.make CMakeFiles/cmTC_eac1e.dir/build
make[1]: Entering directory '/home/suckerserv/orig/zuckerserv/CMakeFiles/CMakeTmp'
Building C object CMakeFiles/cmTC_eac1e.dir/CheckFunctionExists.c.o
/usr/bin/cc    -DCHECK_FUNCTION_EXISTS=getaddrinfo   -o CMakeFiles/cmTC_eac1e.dir/CheckFunctionExists.c.o   -c /usr/share/cmake-3.7/Modules/CheckFunctionExists.c
Linking C executable cmTC_eac1e
/usr/bin/cmake -E cmake_link_script CMakeFiles/cmTC_eac1e.dir/link.txt --verbose=1
/usr/bin/cc   -DCHECK_FUNCTION_EXISTS=getaddrinfo    CMakeFiles/cmTC_eac1e.dir/CheckFunctionExists.c.o  -o cmTC_eac1e -rdynamic 
make[1]: Leaving directory '/home/suckerserv/orig/zuckerserv/CMakeFiles/CMakeTmp'


Determining if the function getnameinfo exists passed with the following output:
Change Dir: /home/suckerserv/orig/zuckerserv/CMakeFiles/CMakeTmp

Run Build Command:"/usr/bin/make" "cmTC_3d3ff/fast"
/usr/bin/make -f CMakeFiles/cmTC_3d3ff.dir/build.make CMakeFiles/cmTC_3d3ff.dir/build
make[1]: Entering directory '/home/suckerserv/orig/zuckerserv/CMakeFiles/CMakeTmp'
Building C object CMakeFiles/cmTC_3d3ff.dir/CheckFunctionExists.c.o
/usr/bin/cc    -DCHECK_FUNCTION_EXISTS=getnameinfo   -o CMakeFiles/cmTC_3d3ff.dir/CheckFunctionExists.c.o   -c /usr/share/cmake-3.7/Modules/CheckFunctionExists.c
Linking C executable cmTC_3d3ff
/usr/bin/cmake -E cmake_link_script CMakeFiles/cmTC_3d3ff.dir/link.txt --verbose=1
/usr/bin/cc   -DCHECK_FUNCTION_EXISTS=getnameinfo    CMakeFiles/cmTC_3d3ff.dir/CheckFunctionExists.c.o  -o cmTC_3d3ff -rdynamic 
make[1]: Leaving directory '/home/suckerserv/orig/zuckerserv/CMakeFiles/CMakeTmp'


Determining if the function gethostbyaddr_r exists passed with the following output:
Change Dir: /home/suckerserv/orig/zuckerserv/CMakeFiles/CMakeTmp

Run Build Command:"/usr/bin/make" "cmTC_382b2/fast"
/usr/bin/make -f CMakeFiles/cmTC_382b2.dir/build.make CMakeFiles/cmTC_382b2.dir/build
make[1]: Entering directory '/home/suckerserv/orig/zuckerserv/CMakeFiles/CMakeTmp'
Building C object CMakeFiles/cmTC_382b2.dir/CheckFunctionExists.c.o
/usr/bin/cc    -DCHECK_FUNCTION_EXISTS=gethostbyaddr_r   -o CMakeFiles/cmTC_382b2.dir/CheckFunctionExists.c.o   -c /usr/share/cmake-3.7/Modules/CheckFunctionExists.c
Linking C executable cmTC_382b2
/usr/bin/cmake -E cmake_link_script CMakeFiles/cmTC_382b2.dir/link.txt --verbose=1
/usr/bin/cc   -DCHECK_FUNCTION_EXISTS=gethostbyaddr_r    CMakeFiles/cmTC_382b2.dir/CheckFunctionExists.c.o  -o cmTC_382b2 -rdynamic 
make[1]: Leaving directory '/home/suckerserv/orig/zuckerserv/CMakeFiles/CMakeTmp'


Determining if the function gethostbyname_r exists passed with the following output:
Change Dir: /home/suckerserv/orig/zuckerserv/CMakeFiles/CMakeTmp

Run Build Command:"/usr/bin/make" "cmTC_0afc9/fast"
/usr/bin/make -f CMakeFiles/cmTC_0afc9.dir/build.make CMakeFiles/cmTC_0afc9.dir/build
make[1]: Entering directory '/home/suckerserv/orig/zuckerserv/CMakeFiles/CMakeTmp'
Building C object CMakeFiles/cmTC_0afc9.dir/CheckFunctionExists.c.o
/usr/bin/cc    -DCHECK_FUNCTION_EXISTS=gethostbyname_r   -o CMakeFiles/cmTC_0afc9.dir/CheckFunctionExists.c.o   -c /usr/share/cmake-3.7/Modules/CheckFunctionExists.c
Linking C executable cmTC_0afc9
/usr/bin/cmake -E cmake_link_script CMakeFiles/cmTC_0afc9.dir/link.txt --verbose=1
/usr/bin/cc   -DCHECK_FUNCTION_EXISTS=gethostbyname_r    CMakeFiles/cmTC_0afc9.dir/CheckFunctionExists.c.o  -o cmTC_0afc9 -rdynamic 
make[1]: Leaving directory '/home/suckerserv/orig/zuckerserv/CMakeFiles/CMakeTmp'


Determining if the function poll exists passed with the following output:
Change Dir: /home/suckerserv/orig/zuckerserv/CMakeFiles/CMakeTmp

Run Build Command:"/usr/bin/make" "cmTC_9d8a4/fast"
/usr/bin/make -f CMakeFiles/cmTC_9d8a4.dir/build.make CMakeFiles/cmTC_9d8a4.dir/build
make[1]: Entering directory '/home/suckerserv/orig/zuckerserv/CMakeFiles/CMakeTmp'
Building C object CMakeFiles/cmTC_9d8a4.dir/CheckFunctionExists.c.o
/usr/bin/cc    -DCHECK_FUNCTION_EXISTS=poll   -o CMakeFiles/cmTC_9d8a4.dir/CheckFunctionExists.c.o   -c /usr/share/cmake-3.7/Modules/CheckFunctionExists.c
Linking C executable cmTC_9d8a4
/usr/bin/cmake -E cmake_link_script CMakeFiles/cmTC_9d8a4.dir/link.txt --verbose=1
/usr/bin/cc   -DCHECK_FUNCTION_EXISTS=poll    CMakeFiles/cmTC_9d8a4.dir/CheckFunctionExists.c.o  -o cmTC_9d8a4 -rdynamic 
make[1]: Leaving directory '/home/suckerserv/orig/zuckerserv/CMakeFiles/CMakeTmp'


Determining if the function fcntl exists passed with the following output:
Change Dir: /home/suckerserv/orig/zuckerserv/CMakeFiles/CMakeTmp

Run Build Command:"/usr/bin/make" "cmTC_958ba/fast"
/usr/bin/make -f CMakeFiles/cmTC_958ba.dir/build.make CMakeFiles/cmTC_958ba.dir/build
make[1]: Entering directory '/home/suckerserv/orig/zuckerserv/CMakeFiles/CMakeTmp'
Building C object CMakeFiles/cmTC_958ba.dir/CheckFunctionExists.c.o
/usr/bin/cc    -DCHECK_FUNCTION_EXISTS=fcntl   -o CMakeFiles/cmTC_958ba.dir/CheckFunctionExists.c.o   -c /usr/share/cmake-3.7/Modules/CheckFunctionExists.c
Linking C executable cmTC_958ba
/usr/bin/cmake -E cmake_link_script CMakeFiles/cmTC_958ba.dir/link.txt --verbose=1
/usr/bin/cc   -DCHECK_FUNCTION_EXISTS=fcntl    CMakeFiles/cmTC_958ba.dir/CheckFunctionExists.c.o  -o cmTC_958ba -rdynamic 
make[1]: Leaving directory '/home/suckerserv/orig/zuckerserv/CMakeFiles/CMakeTmp'


Determining if the function inet_pton exists passed with the following output:
Change Dir: /home/suckerserv/orig/zuckerserv/CMakeFiles/CMakeTmp

Run Build Command:"/usr/bin/make" "cmTC_177db/fast"
/usr/bin/make -f CMakeFiles/cmTC_177db.dir/build.make CMakeFiles/cmTC_177db.dir/build
make[1]: Entering directory '/home/suckerserv/orig/zuckerserv/CMakeFiles/CMakeTmp'
Building C object CMakeFiles/cmTC_177db.dir/CheckFunctionExists.c.o
/usr/bin/cc    -DCHECK_FUNCTION_EXISTS=inet_pton   -o CMakeFiles/cmTC_177db.dir/CheckFunctionExists.c.o   -c /usr/share/cmake-3.7/Modules/CheckFunctionExists.c
Linking C executable cmTC_177db
/usr/bin/cmake -E cmake_link_script CMakeFiles/cmTC_177db.dir/link.txt --verbose=1
/usr/bin/cc   -DCHECK_FUNCTION_EXISTS=inet_pton    CMakeFiles/cmTC_177db.dir/CheckFunctionExists.c.o  -o cmTC_177db -rdynamic 
make[1]: Leaving directory '/home/suckerserv/orig/zuckerserv/CMakeFiles/CMakeTmp'


Determining if the function inet_ntop exists passed with the following output:
Change Dir: /home/suckerserv/orig/zuckerserv/CMakeFiles/CMakeTmp

Run Build Command:"/usr/bin/make" "cmTC_de59d/fast"
/usr/bin/make -f CMakeFiles/cmTC_de59d.dir/build.make CMakeFiles/cmTC_de59d.dir/build
make[1]: Entering directory '/home/suckerserv/orig/zuckerserv/CMakeFiles/CMakeTmp'
Building C object CMakeFiles/cmTC_de59d.dir/CheckFunctionExists.c.o
/usr/bin/cc    -DCHECK_FUNCTION_EXISTS=inet_ntop   -o CMakeFiles/cmTC_de59d.dir/CheckFunctionExists.c.o   -c /usr/share/cmake-3.7/Modules/CheckFunctionExists.c
Linking C executable cmTC_de59d
/usr/bin/cmake -E cmake_link_script CMakeFiles/cmTC_de59d.dir/link.txt --verbose=1
/usr/bin/cc   -DCHECK_FUNCTION_EXISTS=inet_ntop    CMakeFiles/cmTC_de59d.dir/CheckFunctionExists.c.o  -o cmTC_de59d -rdynamic 
make[1]: Leaving directory '/home/suckerserv/orig/zuckerserv/CMakeFiles/CMakeTmp'


Determining if the include file sys/types.h exists passed with the following output:
Change Dir: /home/suckerserv/orig/zuckerserv/CMakeFiles/CMakeTmp

Run Build Command:"/usr/bin/make" "cmTC_22e4f/fast"
/usr/bin/make -f CMakeFiles/cmTC_22e4f.dir/build.make CMakeFiles/cmTC_22e4f.dir/build
make[1]: Entering directory '/home/suckerserv/orig/zuckerserv/CMakeFiles/CMakeTmp'
Building C object CMakeFiles/cmTC_22e4f.dir/CheckIncludeFile.c.o
/usr/bin/cc     -o CMakeFiles/cmTC_22e4f.dir/CheckIncludeFile.c.o   -c /home/suckerserv/orig/zuckerserv/CMakeFiles/CMakeTmp/CheckIncludeFile.c
Linking C executable cmTC_22e4f
/usr/bin/cmake -E cmake_link_script CMakeFiles/cmTC_22e4f.dir/link.txt --verbose=1
/usr/bin/cc       CMakeFiles/cmTC_22e4f.dir/CheckIncludeFile.c.o  -o cmTC_22e4f -rdynamic 
make[1]: Leaving directory '/home/suckerserv/orig/zuckerserv/CMakeFiles/CMakeTmp'


Determining if the include file stdint.h exists passed with the following output:
Change Dir: /home/suckerserv/orig/zuckerserv/CMakeFiles/CMakeTmp

Run Build Command:"/usr/bin/make" "cmTC_2805d/fast"
/usr/bin/make -f CMakeFiles/cmTC_2805d.dir/build.make CMakeFiles/cmTC_2805d.dir/build
make[1]: Entering directory '/home/suckerserv/orig/zuckerserv/CMakeFiles/CMakeTmp'
Building C object CMakeFiles/cmTC_2805d.dir/CheckIncludeFile.c.o
/usr/bin/cc     -o CMakeFiles/cmTC_2805d.dir/CheckIncludeFile.c.o   -c /home/suckerserv/orig/zuckerserv/CMakeFiles/CMakeTmp/CheckIncludeFile.c
Linking C executable cmTC_2805d
/usr/bin/cmake -E cmake_link_script CMakeFiles/cmTC_2805d.dir/link.txt --verbose=1
/usr/bin/cc       CMakeFiles/cmTC_2805d.dir/CheckIncludeFile.c.o  -o cmTC_2805d -rdynamic 
make[1]: Leaving directory '/home/suckerserv/orig/zuckerserv/CMakeFiles/CMakeTmp'


Determining if the include file stddef.h exists passed with the following output:
Change Dir: /home/suckerserv/orig/zuckerserv/CMakeFiles/CMakeTmp

Run Build Command:"/usr/bin/make" "cmTC_5a4f1/fast"
/usr/bin/make -f CMakeFiles/cmTC_5a4f1.dir/build.make CMakeFiles/cmTC_5a4f1.dir/build
make[1]: Entering directory '/home/suckerserv/orig/zuckerserv/CMakeFiles/CMakeTmp'
Building C object CMakeFiles/cmTC_5a4f1.dir/CheckIncludeFile.c.o
/usr/bin/cc     -o CMakeFiles/cmTC_5a4f1.dir/CheckIncludeFile.c.o   -c /home/suckerserv/orig/zuckerserv/CMakeFiles/CMakeTmp/CheckIncludeFile.c
Linking C executable cmTC_5a4f1
/usr/bin/cmake -E cmake_link_script CMakeFiles/cmTC_5a4f1.dir/link.txt --verbose=1
/usr/bin/cc       CMakeFiles/cmTC_5a4f1.dir/CheckIncludeFile.c.o  -o cmTC_5a4f1 -rdynamic 
make[1]: Leaving directory '/home/suckerserv/orig/zuckerserv/CMakeFiles/CMakeTmp'


Determining size of socklen_t passed with the following output:
Change Dir: /home/suckerserv/orig/zuckerserv/CMakeFiles/CMakeTmp

Run Build Command:"/usr/bin/make" "cmTC_7ef19/fast"
/usr/bin/make -f CMakeFiles/cmTC_7ef19.dir/build.make CMakeFiles/cmTC_7ef19.dir/build
make[1]: Entering directory '/home/suckerserv/orig/zuckerserv/CMakeFiles/CMakeTmp'
Building C object CMakeFiles/cmTC_7ef19.dir/HAS_SOCKLEN_T.c.o
/usr/bin/cc     -o CMakeFiles/cmTC_7ef19.dir/HAS_SOCKLEN_T.c.o   -c /home/suckerserv/orig/zuckerserv/CMakeFiles/CheckTypeSize/HAS_SOCKLEN_T.c
Linking C executable cmTC_7ef19
/usr/bin/cmake -E cmake_link_script CMakeFiles/cmTC_7ef19.dir/link.txt --verbose=1
/usr/bin/cc       CMakeFiles/cmTC_7ef19.dir/HAS_SOCKLEN_T.c.o  -o cmTC_7ef19 -rdynamic 
make[1]: Leaving directory '/home/suckerserv/orig/zuckerserv/CMakeFiles/CMakeTmp'


Determining if the function sqlite3_open exists in the sqlite3 passed with the following output:
Change Dir: /home/suckerserv/orig/zuckerserv/CMakeFiles/CMakeTmp

Run Build Command:"/usr/bin/make" "cmTC_be487/fast"
/usr/bin/make -f CMakeFiles/cmTC_be487.dir/build.make CMakeFiles/cmTC_be487.dir/build
make[1]: Entering directory '/home/suckerserv/orig/zuckerserv/CMakeFiles/CMakeTmp'
Building C object CMakeFiles/cmTC_be487.dir/CheckFunctionExists.c.o
/usr/bin/cc    -DCHECK_FUNCTION_EXISTS=sqlite3_open   -o CMakeFiles/cmTC_be487.dir/CheckFunctionExists.c.o   -c /usr/share/cmake-3.7/Modules/CheckFunctionExists.c
Linking C executable cmTC_be487
/usr/bin/cmake -E cmake_link_script CMakeFiles/cmTC_be487.dir/link.txt --verbose=1
/usr/bin/cc   -DCHECK_FUNCTION_EXISTS=sqlite3_open    CMakeFiles/cmTC_be487.dir/CheckFunctionExists.c.o  -o cmTC_be487 -rdynamic -lsqlite3 
make[1]: Leaving directory '/home/suckerserv/orig/zuckerserv/CMakeFiles/CMakeTmp'


Determining if the function pthread_self exists in the pthread passed with the following output:
Change Dir: /home/suckerserv/orig/zuckerserv/CMakeFiles/CMakeTmp

Run Build Command:"/usr/bin/make" "cmTC_3f449/fast"
/usr/bin/make -f CMakeFiles/cmTC_3f449.dir/build.make CMakeFiles/cmTC_3f449.dir/build
make[1]: Entering directory '/home/suckerserv/orig/zuckerserv/CMakeFiles/CMakeTmp'
Building C object CMakeFiles/cmTC_3f449.dir/CheckFunctionExists.c.o
/usr/bin/cc    -DCHECK_FUNCTION_EXISTS=pthread_self   -o CMakeFiles/cmTC_3f449.dir/CheckFunctionExists.c.o   -c /usr/share/cmake-3.7/Modules/CheckFunctionExists.c
Linking C executable cmTC_3f449
/usr/bin/cmake -E cmake_link_script CMakeFiles/cmTC_3f449.dir/link.txt --verbose=1
/usr/bin/cc   -DCHECK_FUNCTION_EXISTS=pthread_self    CMakeFiles/cmTC_3f449.dir/CheckFunctionExists.c.o  -o cmTC_3f449 -rdynamic -lpthread 
make[1]: Leaving directory '/home/suckerserv/orig/zuckerserv/CMakeFiles/CMakeTmp'


Determining if the function clock_gettime exists in the rt passed with the following output:
Change Dir: /home/suckerserv/orig/zuckerserv/CMakeFiles/CMakeTmp

Run Build Command:"/usr/bin/make" "cmTC_111ad/fast"
/usr/bin/make -f CMakeFiles/cmTC_111ad.dir/build.make CMakeFiles/cmTC_111ad.dir/build
make[1]: Entering directory '/home/suckerserv/orig/zuckerserv/CMakeFiles/CMakeTmp'
Building C object CMakeFiles/cmTC_111ad.dir/CheckFunctionExists.c.o
/usr/bin/cc    -DCHECK_FUNCTION_EXISTS=clock_gettime   -o CMakeFiles/cmTC_111ad.dir/CheckFunctionExists.c.o   -c /usr/share/cmake-3.7/Modules/CheckFunctionExists.c
Linking C executable cmTC_111ad
/usr/bin/cmake -E cmake_link_script CMakeFiles/cmTC_111ad.dir/link.txt --verbose=1
/usr/bin/cc   -DCHECK_FUNCTION_EXISTS=clock_gettime    CMakeFiles/cmTC_111ad.dir/CheckFunctionExists.c.o  -o cmTC_111ad -rdynamic -lrt 
make[1]: Leaving directory '/home/suckerserv/orig/zuckerserv/CMakeFiles/CMakeTmp'


