The system is: Linux - 4.9.0-6-amd64 - x86_64
Compiling the C compiler identification source file "CMakeCCompilerId.c" succeeded.
Compiler: /usr/bin/cc 
Build flags: 
Id flags: 

The output was:
0


Compilation of the C compiler identification source "CMakeCCompilerId.c" produced "a.out"

The C compiler identification is GNU, found in "/home/suckerserv/orig/zuckerserv/src/CMakeFiles/3.7.2/CompilerIdC/a.out"

Compiling the CXX compiler identification source file "CMakeCXXCompilerId.cpp" succeeded.
Compiler: /usr/bin/c++ 
Build flags: 
Id flags: 

The output was:
0


Compilation of the CXX compiler identification source "CMakeCXXCompilerId.cpp" produced "a.out"

The CXX compiler identification is GNU, found in "/home/suckerserv/orig/zuckerserv/src/CMakeFiles/3.7.2/CompilerIdCXX/a.out"

Determining if the C compiler works passed with the following output:
Change Dir: /home/suckerserv/orig/zuckerserv/src/CMakeFiles/CMakeTmp

Run Build Command:"/usr/bin/make" "cmTC_462c3/fast"
/usr/bin/make -f CMakeFiles/cmTC_462c3.dir/build.make CMakeFiles/cmTC_462c3.dir/build
make[1]: Entering directory '/home/suckerserv/orig/zuckerserv/src/CMakeFiles/CMakeTmp'
Building C object CMakeFiles/cmTC_462c3.dir/testCCompiler.c.o
/usr/bin/cc     -o CMakeFiles/cmTC_462c3.dir/testCCompiler.c.o   -c /home/suckerserv/orig/zuckerserv/src/CMakeFiles/CMakeTmp/testCCompiler.c
Linking C executable cmTC_462c3
/usr/bin/cmake -E cmake_link_script CMakeFiles/cmTC_462c3.dir/link.txt --verbose=1
/usr/bin/cc       CMakeFiles/cmTC_462c3.dir/testCCompiler.c.o  -o cmTC_462c3 -rdynamic 
make[1]: Leaving directory '/home/suckerserv/orig/zuckerserv/src/CMakeFiles/CMakeTmp'


Detecting C compiler ABI info compiled with the following output:
Change Dir: /home/suckerserv/orig/zuckerserv/src/CMakeFiles/CMakeTmp

Run Build Command:"/usr/bin/make" "cmTC_6e304/fast"
/usr/bin/make -f CMakeFiles/cmTC_6e304.dir/build.make CMakeFiles/cmTC_6e304.dir/build
make[1]: Entering directory '/home/suckerserv/orig/zuckerserv/src/CMakeFiles/CMakeTmp'
Building C object CMakeFiles/cmTC_6e304.dir/CMakeCCompilerABI.c.o
/usr/bin/cc     -o CMakeFiles/cmTC_6e304.dir/CMakeCCompilerABI.c.o   -c /usr/share/cmake-3.7/Modules/CMakeCCompilerABI.c
Linking C executable cmTC_6e304
/usr/bin/cmake -E cmake_link_script CMakeFiles/cmTC_6e304.dir/link.txt --verbose=1
/usr/bin/cc      -v CMakeFiles/cmTC_6e304.dir/CMakeCCompilerABI.c.o  -o cmTC_6e304 -rdynamic  
Using built-in specs.
COLLECT_GCC=/usr/bin/cc
COLLECT_LTO_WRAPPER=/usr/lib/gcc/x86_64-linux-gnu/6/lto-wrapper
Target: x86_64-linux-gnu
Configured with: ../src/configure -v --with-pkgversion='Debian 6.3.0-18+deb9u1' --with-bugurl=file:///usr/share/doc/gcc-6/README.Bugs --enable-languages=c,ada,c++,java,go,d,fortran,objc,obj-c++ --prefix=/usr --program-suffix=-6 --program-prefix=x86_64-linux-gnu- --enable-shared --enable-linker-build-id --libexecdir=/usr/lib --without-included-gettext --enable-threads=posix --libdir=/usr/lib --enable-nls --with-sysroot=/ --enable-clocale=gnu --enable-libstdcxx-debug --enable-libstdcxx-time=yes --with-default-libstdcxx-abi=new --enable-gnu-unique-object --disable-vtable-verify --enable-libmpx --enable-plugin --enable-default-pie --with-system-zlib --disable-browser-plugin --enable-java-awt=gtk --enable-gtk-cairo --with-java-home=/usr/lib/jvm/java-1.5.0-gcj-6-amd64/jre --enable-java-home --with-jvm-root-dir=/usr/lib/jvm/java-1.5.0-gcj-6-amd64 --with-jvm-jar-dir=/usr/lib/jvm-exports/java-1.5.0-gcj-6-amd64 --with-arch-directory=amd64 --with-ecj-jar=/usr/share/java/eclipse-ecj.jar --with-target-system-zlib --enable-objc-gc=auto --enable-multiarch --with-arch-32=i686 --with-abi=m64 --with-multilib-list=m32,m64,mx32 --enable-multilib --with-tune=generic --enable-checking=release --build=x86_64-linux-gnu --host=x86_64-linux-gnu --target=x86_64-linux-gnu
Thread model: posix
gcc version 6.3.0 20170516 (Debian 6.3.0-18+deb9u1) 
COMPILER_PATH=/usr/lib/gcc/x86_64-linux-gnu/6/:/usr/lib/gcc/x86_64-linux-gnu/6/:/usr/lib/gcc/x86_64-linux-gnu/:/usr/lib/gcc/x86_64-linux-gnu/6/:/usr/lib/gcc/x86_64-linux-gnu/
LIBRARY_PATH=/usr/lib/gcc/x86_64-linux-gnu/6/:/usr/lib/gcc/x86_64-linux-gnu/6/../../../x86_64-linux-gnu/:/usr/lib/gcc/x86_64-linux-gnu/6/../../../../lib/:/lib/x86_64-linux-gnu/:/lib/../lib/:/usr/lib/x86_64-linux-gnu/:/usr/lib/../lib/:/usr/lib/gcc/x86_64-linux-gnu/6/../../../:/lib/:/usr/lib/
COLLECT_GCC_OPTIONS='-v' '-o' 'cmTC_6e304' '-rdynamic' '-mtune=generic' '-march=x86-64'
 /usr/lib/gcc/x86_64-linux-gnu/6/collect2 -plugin /usr/lib/gcc/x86_64-linux-gnu/6/liblto_plugin.so -plugin-opt=/usr/lib/gcc/x86_64-linux-gnu/6/lto-wrapper -plugin-opt=-fresolution=/tmp/ccyhMvCC.res -plugin-opt=-pass-through=-lgcc -plugin-opt=-pass-through=-lgcc_s -plugin-opt=-pass-through=-lc -plugin-opt=-pass-through=-lgcc -plugin-opt=-pass-through=-lgcc_s --sysroot=/ --build-id --eh-frame-hdr -m elf_x86_64 --hash-style=gnu -export-dynamic -dynamic-linker /lib64/ld-linux-x86-64.so.2 -pie -o cmTC_6e304 /usr/lib/gcc/x86_64-linux-gnu/6/../../../x86_64-linux-gnu/Scrt1.o /usr/lib/gcc/x86_64-linux-gnu/6/../../../x86_64-linux-gnu/crti.o /usr/lib/gcc/x86_64-linux-gnu/6/crtbeginS.o -L/usr/lib/gcc/x86_64-linux-gnu/6 -L/usr/lib/gcc/x86_64-linux-gnu/6/../../../x86_64-linux-gnu -L/usr/lib/gcc/x86_64-linux-gnu/6/../../../../lib -L/lib/x86_64-linux-gnu -L/lib/../lib -L/usr/lib/x86_64-linux-gnu -L/usr/lib/../lib -L/usr/lib/gcc/x86_64-linux-gnu/6/../../.. CMakeFiles/cmTC_6e304.dir/CMakeCCompilerABI.c.o -lgcc --as-needed -lgcc_s --no-as-needed -lc -lgcc --as-needed -lgcc_s --no-as-needed /usr/lib/gcc/x86_64-linux-gnu/6/crtendS.o /usr/lib/gcc/x86_64-linux-gnu/6/../../../x86_64-linux-gnu/crtn.o
COLLECT_GCC_OPTIONS='-v' '-o' 'cmTC_6e304' '-rdynamic' '-mtune=generic' '-march=x86-64'
make[1]: Leaving directory '/home/suckerserv/orig/zuckerserv/src/CMakeFiles/CMakeTmp'


Parsed C implicit link information from above output:
  link line regex: [^( *|.*[/\])(ld|([^/\]+-)?ld|collect2)[^/\]*( |$)]
  ignore line: [Change Dir: /home/suckerserv/orig/zuckerserv/src/CMakeFiles/CMakeTmp]
  ignore line: []
  ignore line: [Run Build Command:"/usr/bin/make" "cmTC_6e304/fast"]
  ignore line: [/usr/bin/make -f CMakeFiles/cmTC_6e304.dir/build.make CMakeFiles/cmTC_6e304.dir/build]
  ignore line: [make[1]: Entering directory '/home/suckerserv/orig/zuckerserv/src/CMakeFiles/CMakeTmp']
  ignore line: [Building C object CMakeFiles/cmTC_6e304.dir/CMakeCCompilerABI.c.o]
  ignore line: [/usr/bin/cc     -o CMakeFiles/cmTC_6e304.dir/CMakeCCompilerABI.c.o   -c /usr/share/cmake-3.7/Modules/CMakeCCompilerABI.c]
  ignore line: [Linking C executable cmTC_6e304]
  ignore line: [/usr/bin/cmake -E cmake_link_script CMakeFiles/cmTC_6e304.dir/link.txt --verbose=1]
  ignore line: [/usr/bin/cc      -v CMakeFiles/cmTC_6e304.dir/CMakeCCompilerABI.c.o  -o cmTC_6e304 -rdynamic  ]
  ignore line: [Using built-in specs.]
  ignore line: [COLLECT_GCC=/usr/bin/cc]
  ignore line: [COLLECT_LTO_WRAPPER=/usr/lib/gcc/x86_64-linux-gnu/6/lto-wrapper]
  ignore line: [Target: x86_64-linux-gnu]
  ignore line: [Configured with: ../src/configure -v --with-pkgversion='Debian 6.3.0-18+deb9u1' --with-bugurl=file:///usr/share/doc/gcc-6/README.Bugs --enable-languages=c,ada,c++,java,go,d,fortran,objc,obj-c++ --prefix=/usr --program-suffix=-6 --program-prefix=x86_64-linux-gnu- --enable-shared --enable-linker-build-id --libexecdir=/usr/lib --without-included-gettext --enable-threads=posix --libdir=/usr/lib --enable-nls --with-sysroot=/ --enable-clocale=gnu --enable-libstdcxx-debug --enable-libstdcxx-time=yes --with-default-libstdcxx-abi=new --enable-gnu-unique-object --disable-vtable-verify --enable-libmpx --enable-plugin --enable-default-pie --with-system-zlib --disable-browser-plugin --enable-java-awt=gtk --enable-gtk-cairo --with-java-home=/usr/lib/jvm/java-1.5.0-gcj-6-amd64/jre --enable-java-home --with-jvm-root-dir=/usr/lib/jvm/java-1.5.0-gcj-6-amd64 --with-jvm-jar-dir=/usr/lib/jvm-exports/java-1.5.0-gcj-6-amd64 --with-arch-directory=amd64 --with-ecj-jar=/usr/share/java/eclipse-ecj.jar --with-target-system-zlib --enable-objc-gc=auto --enable-multiarch --with-arch-32=i686 --with-abi=m64 --with-multilib-list=m32,m64,mx32 --enable-multilib --with-tune=generic --enable-checking=release --build=x86_64-linux-gnu --host=x86_64-linux-gnu --target=x86_64-linux-gnu]
  ignore line: [Thread model: posix]
  ignore line: [gcc version 6.3.0 20170516 (Debian 6.3.0-18+deb9u1) ]
  ignore line: [COMPILER_PATH=/usr/lib/gcc/x86_64-linux-gnu/6/:/usr/lib/gcc/x86_64-linux-gnu/6/:/usr/lib/gcc/x86_64-linux-gnu/:/usr/lib/gcc/x86_64-linux-gnu/6/:/usr/lib/gcc/x86_64-linux-gnu/]
  ignore line: [LIBRARY_PATH=/usr/lib/gcc/x86_64-linux-gnu/6/:/usr/lib/gcc/x86_64-linux-gnu/6/../../../x86_64-linux-gnu/:/usr/lib/gcc/x86_64-linux-gnu/6/../../../../lib/:/lib/x86_64-linux-gnu/:/lib/../lib/:/usr/lib/x86_64-linux-gnu/:/usr/lib/../lib/:/usr/lib/gcc/x86_64-linux-gnu/6/../../../:/lib/:/usr/lib/]
  ignore line: [COLLECT_GCC_OPTIONS='-v' '-o' 'cmTC_6e304' '-rdynamic' '-mtune=generic' '-march=x86-64']
  link line: [ /usr/lib/gcc/x86_64-linux-gnu/6/collect2 -plugin /usr/lib/gcc/x86_64-linux-gnu/6/liblto_plugin.so -plugin-opt=/usr/lib/gcc/x86_64-linux-gnu/6/lto-wrapper -plugin-opt=-fresolution=/tmp/ccyhMvCC.res -plugin-opt=-pass-through=-lgcc -plugin-opt=-pass-through=-lgcc_s -plugin-opt=-pass-through=-lc -plugin-opt=-pass-through=-lgcc -plugin-opt=-pass-through=-lgcc_s --sysroot=/ --build-id --eh-frame-hdr -m elf_x86_64 --hash-style=gnu -export-dynamic -dynamic-linker /lib64/ld-linux-x86-64.so.2 -pie -o cmTC_6e304 /usr/lib/gcc/x86_64-linux-gnu/6/../../../x86_64-linux-gnu/Scrt1.o /usr/lib/gcc/x86_64-linux-gnu/6/../../../x86_64-linux-gnu/crti.o /usr/lib/gcc/x86_64-linux-gnu/6/crtbeginS.o -L/usr/lib/gcc/x86_64-linux-gnu/6 -L/usr/lib/gcc/x86_64-linux-gnu/6/../../../x86_64-linux-gnu -L/usr/lib/gcc/x86_64-linux-gnu/6/../../../../lib -L/lib/x86_64-linux-gnu -L/lib/../lib -L/usr/lib/x86_64-linux-gnu -L/usr/lib/../lib -L/usr/lib/gcc/x86_64-linux-gnu/6/../../.. CMakeFiles/cmTC_6e304.dir/CMakeCCompilerABI.c.o -lgcc --as-needed -lgcc_s --no-as-needed -lc -lgcc --as-needed -lgcc_s --no-as-needed /usr/lib/gcc/x86_64-linux-gnu/6/crtendS.o /usr/lib/gcc/x86_64-linux-gnu/6/../../../x86_64-linux-gnu/crtn.o]
    arg [/usr/lib/gcc/x86_64-linux-gnu/6/collect2] ==> ignore
    arg [-plugin] ==> ignore
    arg [/usr/lib/gcc/x86_64-linux-gnu/6/liblto_plugin.so] ==> ignore
    arg [-plugin-opt=/usr/lib/gcc/x86_64-linux-gnu/6/lto-wrapper] ==> ignore
    arg [-plugin-opt=-fresolution=/tmp/ccyhMvCC.res] ==> ignore
    arg [-plugin-opt=-pass-through=-lgcc] ==> ignore
    arg [-plugin-opt=-pass-through=-lgcc_s] ==> ignore
    arg [-plugin-opt=-pass-through=-lc] ==> ignore
    arg [-plugin-opt=-pass-through=-lgcc] ==> ignore
    arg [-plugin-opt=-pass-through=-lgcc_s] ==> ignore
    arg [--sysroot=/] ==> ignore
    arg [--build-id] ==> ignore
    arg [--eh-frame-hdr] ==> ignore
    arg [-m] ==> ignore
    arg [elf_x86_64] ==> ignore
    arg [--hash-style=gnu] ==> ignore
    arg [-export-dynamic] ==> ignore
    arg [-dynamic-linker] ==> ignore
    arg [/lib64/ld-linux-x86-64.so.2] ==> ignore
    arg [-pie] ==> ignore
    arg [-o] ==> ignore
    arg [cmTC_6e304] ==> ignore
    arg [/usr/lib/gcc/x86_64-linux-gnu/6/../../../x86_64-linux-gnu/Scrt1.o] ==> ignore
    arg [/usr/lib/gcc/x86_64-linux-gnu/6/../../../x86_64-linux-gnu/crti.o] ==> ignore
    arg [/usr/lib/gcc/x86_64-linux-gnu/6/crtbeginS.o] ==> ignore
    arg [-L/usr/lib/gcc/x86_64-linux-gnu/6] ==> dir [/usr/lib/gcc/x86_64-linux-gnu/6]
    arg [-L/usr/lib/gcc/x86_64-linux-gnu/6/../../../x86_64-linux-gnu] ==> dir [/usr/lib/gcc/x86_64-linux-gnu/6/../../../x86_64-linux-gnu]
    arg [-L/usr/lib/gcc/x86_64-linux-gnu/6/../../../../lib] ==> dir [/usr/lib/gcc/x86_64-linux-gnu/6/../../../../lib]
    arg [-L/lib/x86_64-linux-gnu] ==> dir [/lib/x86_64-linux-gnu]
    arg [-L/lib/../lib] ==> dir [/lib/../lib]
    arg [-L/usr/lib/x86_64-linux-gnu] ==> dir [/usr/lib/x86_64-linux-gnu]
    arg [-L/usr/lib/../lib] ==> dir [/usr/lib/../lib]
    arg [-L/usr/lib/gcc/x86_64-linux-gnu/6/../../..] ==> dir [/usr/lib/gcc/x86_64-linux-gnu/6/../../..]
    arg [CMakeFiles/cmTC_6e304.dir/CMakeCCompilerABI.c.o] ==> ignore
    arg [-lgcc] ==> lib [gcc]
    arg [--as-needed] ==> ignore
    arg [-lgcc_s] ==> lib [gcc_s]
    arg [--no-as-needed] ==> ignore
    arg [-lc] ==> lib [c]
    arg [-lgcc] ==> lib [gcc]
    arg [--as-needed] ==> ignore
    arg [-lgcc_s] ==> lib [gcc_s]
    arg [--no-as-needed] ==> ignore
    arg [/usr/lib/gcc/x86_64-linux-gnu/6/crtendS.o] ==> ignore
    arg [/usr/lib/gcc/x86_64-linux-gnu/6/../../../x86_64-linux-gnu/crtn.o] ==> ignore
  remove lib [gcc]
  remove lib [gcc_s]
  remove lib [gcc]
  remove lib [gcc_s]
  collapse library dir [/usr/lib/gcc/x86_64-linux-gnu/6] ==> [/usr/lib/gcc/x86_64-linux-gnu/6]
  collapse library dir [/usr/lib/gcc/x86_64-linux-gnu/6/../../../x86_64-linux-gnu] ==> [/usr/lib/x86_64-linux-gnu]
  collapse library dir [/usr/lib/gcc/x86_64-linux-gnu/6/../../../../lib] ==> [/usr/lib]
  collapse library dir [/lib/x86_64-linux-gnu] ==> [/lib/x86_64-linux-gnu]
  collapse library dir [/lib/../lib] ==> [/lib]
  collapse library dir [/usr/lib/x86_64-linux-gnu] ==> [/usr/lib/x86_64-linux-gnu]
  collapse library dir [/usr/lib/../lib] ==> [/usr/lib]
  collapse library dir [/usr/lib/gcc/x86_64-linux-gnu/6/../../..] ==> [/usr/lib]
  implicit libs: [c]
  implicit dirs: [/usr/lib/gcc/x86_64-linux-gnu/6;/usr/lib/x86_64-linux-gnu;/usr/lib;/lib/x86_64-linux-gnu;/lib]
  implicit fwks: []




Detecting C [-std=c11] compiler features compiled with the following output:
Change Dir: /home/suckerserv/orig/zuckerserv/src/CMakeFiles/CMakeTmp

Run Build Command:"/usr/bin/make" "cmTC_50e53/fast"
/usr/bin/make -f CMakeFiles/cmTC_50e53.dir/build.make CMakeFiles/cmTC_50e53.dir/build
make[1]: Entering directory '/home/suckerserv/orig/zuckerserv/src/CMakeFiles/CMakeTmp'
Building C object CMakeFiles/cmTC_50e53.dir/feature_tests.c.o
/usr/bin/cc    -std=c11 -o CMakeFiles/cmTC_50e53.dir/feature_tests.c.o   -c /home/suckerserv/orig/zuckerserv/src/CMakeFiles/feature_tests.c
Linking C executable cmTC_50e53
/usr/bin/cmake -E cmake_link_script CMakeFiles/cmTC_50e53.dir/link.txt --verbose=1
/usr/bin/cc       CMakeFiles/cmTC_50e53.dir/feature_tests.c.o  -o cmTC_50e53 -rdynamic 
make[1]: Leaving directory '/home/suckerserv/orig/zuckerserv/src/CMakeFiles/CMakeTmp'


    Feature record: C_FEATURE:1c_function_prototypes
    Feature record: C_FEATURE:1c_restrict
    Feature record: C_FEATURE:1c_static_assert
    Feature record: C_FEATURE:1c_variadic_macros


Detecting C [-std=c99] compiler features compiled with the following output:
Change Dir: /home/suckerserv/orig/zuckerserv/src/CMakeFiles/CMakeTmp

Run Build Command:"/usr/bin/make" "cmTC_b2ebb/fast"
/usr/bin/make -f CMakeFiles/cmTC_b2ebb.dir/build.make CMakeFiles/cmTC_b2ebb.dir/build
make[1]: Entering directory '/home/suckerserv/orig/zuckerserv/src/CMakeFiles/CMakeTmp'
Building C object CMakeFiles/cmTC_b2ebb.dir/feature_tests.c.o
/usr/bin/cc    -std=c99 -o CMakeFiles/cmTC_b2ebb.dir/feature_tests.c.o   -c /home/suckerserv/orig/zuckerserv/src/CMakeFiles/feature_tests.c
Linking C executable cmTC_b2ebb
/usr/bin/cmake -E cmake_link_script CMakeFiles/cmTC_b2ebb.dir/link.txt --verbose=1
/usr/bin/cc       CMakeFiles/cmTC_b2ebb.dir/feature_tests.c.o  -o cmTC_b2ebb -rdynamic 
make[1]: Leaving directory '/home/suckerserv/orig/zuckerserv/src/CMakeFiles/CMakeTmp'


    Feature record: C_FEATURE:1c_function_prototypes
    Feature record: C_FEATURE:1c_restrict
    Feature record: C_FEATURE:0c_static_assert
    Feature record: C_FEATURE:1c_variadic_macros


Detecting C [-std=c90] compiler features compiled with the following output:
Change Dir: /home/suckerserv/orig/zuckerserv/src/CMakeFiles/CMakeTmp

Run Build Command:"/usr/bin/make" "cmTC_e77ca/fast"
/usr/bin/make -f CMakeFiles/cmTC_e77ca.dir/build.make CMakeFiles/cmTC_e77ca.dir/build
make[1]: Entering directory '/home/suckerserv/orig/zuckerserv/src/CMakeFiles/CMakeTmp'
Building C object CMakeFiles/cmTC_e77ca.dir/feature_tests.c.o
/usr/bin/cc    -std=c90 -o CMakeFiles/cmTC_e77ca.dir/feature_tests.c.o   -c /home/suckerserv/orig/zuckerserv/src/CMakeFiles/feature_tests.c
Linking C executable cmTC_e77ca
/usr/bin/cmake -E cmake_link_script CMakeFiles/cmTC_e77ca.dir/link.txt --verbose=1
/usr/bin/cc       CMakeFiles/cmTC_e77ca.dir/feature_tests.c.o  -o cmTC_e77ca -rdynamic 
make[1]: Leaving directory '/home/suckerserv/orig/zuckerserv/src/CMakeFiles/CMakeTmp'


    Feature record: C_FEATURE:1c_function_prototypes
    Feature record: C_FEATURE:0c_restrict
    Feature record: C_FEATURE:0c_static_assert
    Feature record: C_FEATURE:0c_variadic_macros
Determining if the CXX compiler works passed with the following output:
Change Dir: /home/suckerserv/orig/zuckerserv/src/CMakeFiles/CMakeTmp

Run Build Command:"/usr/bin/make" "cmTC_b15ce/fast"
/usr/bin/make -f CMakeFiles/cmTC_b15ce.dir/build.make CMakeFiles/cmTC_b15ce.dir/build
make[1]: Entering directory '/home/suckerserv/orig/zuckerserv/src/CMakeFiles/CMakeTmp'
Building CXX object CMakeFiles/cmTC_b15ce.dir/testCXXCompiler.cxx.o
/usr/bin/c++      -o CMakeFiles/cmTC_b15ce.dir/testCXXCompiler.cxx.o -c /home/suckerserv/orig/zuckerserv/src/CMakeFiles/CMakeTmp/testCXXCompiler.cxx
Linking CXX executable cmTC_b15ce
/usr/bin/cmake -E cmake_link_script CMakeFiles/cmTC_b15ce.dir/link.txt --verbose=1
/usr/bin/c++        CMakeFiles/cmTC_b15ce.dir/testCXXCompiler.cxx.o  -o cmTC_b15ce -rdynamic 
make[1]: Leaving directory '/home/suckerserv/orig/zuckerserv/src/CMakeFiles/CMakeTmp'


Detecting CXX compiler ABI info compiled with the following output:
Change Dir: /home/suckerserv/orig/zuckerserv/src/CMakeFiles/CMakeTmp

Run Build Command:"/usr/bin/make" "cmTC_b47b0/fast"
/usr/bin/make -f CMakeFiles/cmTC_b47b0.dir/build.make CMakeFiles/cmTC_b47b0.dir/build
make[1]: Entering directory '/home/suckerserv/orig/zuckerserv/src/CMakeFiles/CMakeTmp'
Building CXX object CMakeFiles/cmTC_b47b0.dir/CMakeCXXCompilerABI.cpp.o
/usr/bin/c++      -o CMakeFiles/cmTC_b47b0.dir/CMakeCXXCompilerABI.cpp.o -c /usr/share/cmake-3.7/Modules/CMakeCXXCompilerABI.cpp
Linking CXX executable cmTC_b47b0
/usr/bin/cmake -E cmake_link_script CMakeFiles/cmTC_b47b0.dir/link.txt --verbose=1
/usr/bin/c++       -v CMakeFiles/cmTC_b47b0.dir/CMakeCXXCompilerABI.cpp.o  -o cmTC_b47b0 -rdynamic  
Using built-in specs.
COLLECT_GCC=/usr/bin/c++
COLLECT_LTO_WRAPPER=/usr/lib/gcc/x86_64-linux-gnu/6/lto-wrapper
Target: x86_64-linux-gnu
Configured with: ../src/configure -v --with-pkgversion='Debian 6.3.0-18+deb9u1' --with-bugurl=file:///usr/share/doc/gcc-6/README.Bugs --enable-languages=c,ada,c++,java,go,d,fortran,objc,obj-c++ --prefix=/usr --program-suffix=-6 --program-prefix=x86_64-linux-gnu- --enable-shared --enable-linker-build-id --libexecdir=/usr/lib --without-included-gettext --enable-threads=posix --libdir=/usr/lib --enable-nls --with-sysroot=/ --enable-clocale=gnu --enable-libstdcxx-debug --enable-libstdcxx-time=yes --with-default-libstdcxx-abi=new --enable-gnu-unique-object --disable-vtable-verify --enable-libmpx --enable-plugin --enable-default-pie --with-system-zlib --disable-browser-plugin --enable-java-awt=gtk --enable-gtk-cairo --with-java-home=/usr/lib/jvm/java-1.5.0-gcj-6-amd64/jre --enable-java-home --with-jvm-root-dir=/usr/lib/jvm/java-1.5.0-gcj-6-amd64 --with-jvm-jar-dir=/usr/lib/jvm-exports/java-1.5.0-gcj-6-amd64 --with-arch-directory=amd64 --with-ecj-jar=/usr/share/java/eclipse-ecj.jar --with-target-system-zlib --enable-objc-gc=auto --enable-multiarch --with-arch-32=i686 --with-abi=m64 --with-multilib-list=m32,m64,mx32 --enable-multilib --with-tune=generic --enable-checking=release --build=x86_64-linux-gnu --host=x86_64-linux-gnu --target=x86_64-linux-gnu
Thread model: posix
gcc version 6.3.0 20170516 (Debian 6.3.0-18+deb9u1) 
COMPILER_PATH=/usr/lib/gcc/x86_64-linux-gnu/6/:/usr/lib/gcc/x86_64-linux-gnu/6/:/usr/lib/gcc/x86_64-linux-gnu/:/usr/lib/gcc/x86_64-linux-gnu/6/:/usr/lib/gcc/x86_64-linux-gnu/
LIBRARY_PATH=/usr/lib/gcc/x86_64-linux-gnu/6/:/usr/lib/gcc/x86_64-linux-gnu/6/../../../x86_64-linux-gnu/:/usr/lib/gcc/x86_64-linux-gnu/6/../../../../lib/:/lib/x86_64-linux-gnu/:/lib/../lib/:/usr/lib/x86_64-linux-gnu/:/usr/lib/../lib/:/usr/lib/gcc/x86_64-linux-gnu/6/../../../:/lib/:/usr/lib/
COLLECT_GCC_OPTIONS='-v' '-o' 'cmTC_b47b0' '-rdynamic' '-shared-libgcc' '-mtune=generic' '-march=x86-64'
 /usr/lib/gcc/x86_64-linux-gnu/6/collect2 -plugin /usr/lib/gcc/x86_64-linux-gnu/6/liblto_plugin.so -plugin-opt=/usr/lib/gcc/x86_64-linux-gnu/6/lto-wrapper -plugin-opt=-fresolution=/tmp/ccvfXOKp.res -plugin-opt=-pass-through=-lgcc_s -plugin-opt=-pass-through=-lgcc -plugin-opt=-pass-through=-lc -plugin-opt=-pass-through=-lgcc_s -plugin-opt=-pass-through=-lgcc --sysroot=/ --build-id --eh-frame-hdr -m elf_x86_64 --hash-style=gnu -export-dynamic -dynamic-linker /lib64/ld-linux-x86-64.so.2 -pie -o cmTC_b47b0 /usr/lib/gcc/x86_64-linux-gnu/6/../../../x86_64-linux-gnu/Scrt1.o /usr/lib/gcc/x86_64-linux-gnu/6/../../../x86_64-linux-gnu/crti.o /usr/lib/gcc/x86_64-linux-gnu/6/crtbeginS.o -L/usr/lib/gcc/x86_64-linux-gnu/6 -L/usr/lib/gcc/x86_64-linux-gnu/6/../../../x86_64-linux-gnu -L/usr/lib/gcc/x86_64-linux-gnu/6/../../../../lib -L/lib/x86_64-linux-gnu -L/lib/../lib -L/usr/lib/x86_64-linux-gnu -L/usr/lib/../lib -L/usr/lib/gcc/x86_64-linux-gnu/6/../../.. CMakeFiles/cmTC_b47b0.dir/CMakeCXXCompilerABI.cpp.o -lstdc++ -lm -lgcc_s -lgcc -lc -lgcc_s -lgcc /usr/lib/gcc/x86_64-linux-gnu/6/crtendS.o /usr/lib/gcc/x86_64-linux-gnu/6/../../../x86_64-linux-gnu/crtn.o
COLLECT_GCC_OPTIONS='-v' '-o' 'cmTC_b47b0' '-rdynamic' '-shared-libgcc' '-mtune=generic' '-march=x86-64'
make[1]: Leaving directory '/home/suckerserv/orig/zuckerserv/src/CMakeFiles/CMakeTmp'


Parsed CXX implicit link information from above output:
  link line regex: [^( *|.*[/\])(ld|([^/\]+-)?ld|collect2)[^/\]*( |$)]
  ignore line: [Change Dir: /home/suckerserv/orig/zuckerserv/src/CMakeFiles/CMakeTmp]
  ignore line: []
  ignore line: [Run Build Command:"/usr/bin/make" "cmTC_b47b0/fast"]
  ignore line: [/usr/bin/make -f CMakeFiles/cmTC_b47b0.dir/build.make CMakeFiles/cmTC_b47b0.dir/build]
  ignore line: [make[1]: Entering directory '/home/suckerserv/orig/zuckerserv/src/CMakeFiles/CMakeTmp']
  ignore line: [Building CXX object CMakeFiles/cmTC_b47b0.dir/CMakeCXXCompilerABI.cpp.o]
  ignore line: [/usr/bin/c++      -o CMakeFiles/cmTC_b47b0.dir/CMakeCXXCompilerABI.cpp.o -c /usr/share/cmake-3.7/Modules/CMakeCXXCompilerABI.cpp]
  ignore line: [Linking CXX executable cmTC_b47b0]
  ignore line: [/usr/bin/cmake -E cmake_link_script CMakeFiles/cmTC_b47b0.dir/link.txt --verbose=1]
  ignore line: [/usr/bin/c++       -v CMakeFiles/cmTC_b47b0.dir/CMakeCXXCompilerABI.cpp.o  -o cmTC_b47b0 -rdynamic  ]
  ignore line: [Using built-in specs.]
  ignore line: [COLLECT_GCC=/usr/bin/c++]
  ignore line: [COLLECT_LTO_WRAPPER=/usr/lib/gcc/x86_64-linux-gnu/6/lto-wrapper]
  ignore line: [Target: x86_64-linux-gnu]
  ignore line: [Configured with: ../src/configure -v --with-pkgversion='Debian 6.3.0-18+deb9u1' --with-bugurl=file:///usr/share/doc/gcc-6/README.Bugs --enable-languages=c,ada,c++,java,go,d,fortran,objc,obj-c++ --prefix=/usr --program-suffix=-6 --program-prefix=x86_64-linux-gnu- --enable-shared --enable-linker-build-id --libexecdir=/usr/lib --without-included-gettext --enable-threads=posix --libdir=/usr/lib --enable-nls --with-sysroot=/ --enable-clocale=gnu --enable-libstdcxx-debug --enable-libstdcxx-time=yes --with-default-libstdcxx-abi=new --enable-gnu-unique-object --disable-vtable-verify --enable-libmpx --enable-plugin --enable-default-pie --with-system-zlib --disable-browser-plugin --enable-java-awt=gtk --enable-gtk-cairo --with-java-home=/usr/lib/jvm/java-1.5.0-gcj-6-amd64/jre --enable-java-home --with-jvm-root-dir=/usr/lib/jvm/java-1.5.0-gcj-6-amd64 --with-jvm-jar-dir=/usr/lib/jvm-exports/java-1.5.0-gcj-6-amd64 --with-arch-directory=amd64 --with-ecj-jar=/usr/share/java/eclipse-ecj.jar --with-target-system-zlib --enable-objc-gc=auto --enable-multiarch --with-arch-32=i686 --with-abi=m64 --with-multilib-list=m32,m64,mx32 --enable-multilib --with-tune=generic --enable-checking=release --build=x86_64-linux-gnu --host=x86_64-linux-gnu --target=x86_64-linux-gnu]
  ignore line: [Thread model: posix]
  ignore line: [gcc version 6.3.0 20170516 (Debian 6.3.0-18+deb9u1) ]
  ignore line: [COMPILER_PATH=/usr/lib/gcc/x86_64-linux-gnu/6/:/usr/lib/gcc/x86_64-linux-gnu/6/:/usr/lib/gcc/x86_64-linux-gnu/:/usr/lib/gcc/x86_64-linux-gnu/6/:/usr/lib/gcc/x86_64-linux-gnu/]
  ignore line: [LIBRARY_PATH=/usr/lib/gcc/x86_64-linux-gnu/6/:/usr/lib/gcc/x86_64-linux-gnu/6/../../../x86_64-linux-gnu/:/usr/lib/gcc/x86_64-linux-gnu/6/../../../../lib/:/lib/x86_64-linux-gnu/:/lib/../lib/:/usr/lib/x86_64-linux-gnu/:/usr/lib/../lib/:/usr/lib/gcc/x86_64-linux-gnu/6/../../../:/lib/:/usr/lib/]
  ignore line: [COLLECT_GCC_OPTIONS='-v' '-o' 'cmTC_b47b0' '-rdynamic' '-shared-libgcc' '-mtune=generic' '-march=x86-64']
  link line: [ /usr/lib/gcc/x86_64-linux-gnu/6/collect2 -plugin /usr/lib/gcc/x86_64-linux-gnu/6/liblto_plugin.so -plugin-opt=/usr/lib/gcc/x86_64-linux-gnu/6/lto-wrapper -plugin-opt=-fresolution=/tmp/ccvfXOKp.res -plugin-opt=-pass-through=-lgcc_s -plugin-opt=-pass-through=-lgcc -plugin-opt=-pass-through=-lc -plugin-opt=-pass-through=-lgcc_s -plugin-opt=-pass-through=-lgcc --sysroot=/ --build-id --eh-frame-hdr -m elf_x86_64 --hash-style=gnu -export-dynamic -dynamic-linker /lib64/ld-linux-x86-64.so.2 -pie -o cmTC_b47b0 /usr/lib/gcc/x86_64-linux-gnu/6/../../../x86_64-linux-gnu/Scrt1.o /usr/lib/gcc/x86_64-linux-gnu/6/../../../x86_64-linux-gnu/crti.o /usr/lib/gcc/x86_64-linux-gnu/6/crtbeginS.o -L/usr/lib/gcc/x86_64-linux-gnu/6 -L/usr/lib/gcc/x86_64-linux-gnu/6/../../../x86_64-linux-gnu -L/usr/lib/gcc/x86_64-linux-gnu/6/../../../../lib -L/lib/x86_64-linux-gnu -L/lib/../lib -L/usr/lib/x86_64-linux-gnu -L/usr/lib/../lib -L/usr/lib/gcc/x86_64-linux-gnu/6/../../.. CMakeFiles/cmTC_b47b0.dir/CMakeCXXCompilerABI.cpp.o -lstdc++ -lm -lgcc_s -lgcc -lc -lgcc_s -lgcc /usr/lib/gcc/x86_64-linux-gnu/6/crtendS.o /usr/lib/gcc/x86_64-linux-gnu/6/../../../x86_64-linux-gnu/crtn.o]
    arg [/usr/lib/gcc/x86_64-linux-gnu/6/collect2] ==> ignore
    arg [-plugin] ==> ignore
    arg [/usr/lib/gcc/x86_64-linux-gnu/6/liblto_plugin.so] ==> ignore
    arg [-plugin-opt=/usr/lib/gcc/x86_64-linux-gnu/6/lto-wrapper] ==> ignore
    arg [-plugin-opt=-fresolution=/tmp/ccvfXOKp.res] ==> ignore
    arg [-plugin-opt=-pass-through=-lgcc_s] ==> ignore
    arg [-plugin-opt=-pass-through=-lgcc] ==> ignore
    arg [-plugin-opt=-pass-through=-lc] ==> ignore
    arg [-plugin-opt=-pass-through=-lgcc_s] ==> ignore
    arg [-plugin-opt=-pass-through=-lgcc] ==> ignore
    arg [--sysroot=/] ==> ignore
    arg [--build-id] ==> ignore
    arg [--eh-frame-hdr] ==> ignore
    arg [-m] ==> ignore
    arg [elf_x86_64] ==> ignore
    arg [--hash-style=gnu] ==> ignore
    arg [-export-dynamic] ==> ignore
    arg [-dynamic-linker] ==> ignore
    arg [/lib64/ld-linux-x86-64.so.2] ==> ignore
    arg [-pie] ==> ignore
    arg [-o] ==> ignore
    arg [cmTC_b47b0] ==> ignore
    arg [/usr/lib/gcc/x86_64-linux-gnu/6/../../../x86_64-linux-gnu/Scrt1.o] ==> ignore
    arg [/usr/lib/gcc/x86_64-linux-gnu/6/../../../x86_64-linux-gnu/crti.o] ==> ignore
    arg [/usr/lib/gcc/x86_64-linux-gnu/6/crtbeginS.o] ==> ignore
    arg [-L/usr/lib/gcc/x86_64-linux-gnu/6] ==> dir [/usr/lib/gcc/x86_64-linux-gnu/6]
    arg [-L/usr/lib/gcc/x86_64-linux-gnu/6/../../../x86_64-linux-gnu] ==> dir [/usr/lib/gcc/x86_64-linux-gnu/6/../../../x86_64-linux-gnu]
    arg [-L/usr/lib/gcc/x86_64-linux-gnu/6/../../../../lib] ==> dir [/usr/lib/gcc/x86_64-linux-gnu/6/../../../../lib]
    arg [-L/lib/x86_64-linux-gnu] ==> dir [/lib/x86_64-linux-gnu]
    arg [-L/lib/../lib] ==> dir [/lib/../lib]
    arg [-L/usr/lib/x86_64-linux-gnu] ==> dir [/usr/lib/x86_64-linux-gnu]
    arg [-L/usr/lib/../lib] ==> dir [/usr/lib/../lib]
    arg [-L/usr/lib/gcc/x86_64-linux-gnu/6/../../..] ==> dir [/usr/lib/gcc/x86_64-linux-gnu/6/../../..]
    arg [CMakeFiles/cmTC_b47b0.dir/CMakeCXXCompilerABI.cpp.o] ==> ignore
    arg [-lstdc++] ==> lib [stdc++]
    arg [-lm] ==> lib [m]
    arg [-lgcc_s] ==> lib [gcc_s]
    arg [-lgcc] ==> lib [gcc]
    arg [-lc] ==> lib [c]
    arg [-lgcc_s] ==> lib [gcc_s]
    arg [-lgcc] ==> lib [gcc]
    arg [/usr/lib/gcc/x86_64-linux-gnu/6/crtendS.o] ==> ignore
    arg [/usr/lib/gcc/x86_64-linux-gnu/6/../../../x86_64-linux-gnu/crtn.o] ==> ignore
  remove lib [gcc_s]
  remove lib [gcc]
  remove lib [gcc_s]
  remove lib [gcc]
  collapse library dir [/usr/lib/gcc/x86_64-linux-gnu/6] ==> [/usr/lib/gcc/x86_64-linux-gnu/6]
  collapse library dir [/usr/lib/gcc/x86_64-linux-gnu/6/../../../x86_64-linux-gnu] ==> [/usr/lib/x86_64-linux-gnu]
  collapse library dir [/usr/lib/gcc/x86_64-linux-gnu/6/../../../../lib] ==> [/usr/lib]
  collapse library dir [/lib/x86_64-linux-gnu] ==> [/lib/x86_64-linux-gnu]
  collapse library dir [/lib/../lib] ==> [/lib]
  collapse library dir [/usr/lib/x86_64-linux-gnu] ==> [/usr/lib/x86_64-linux-gnu]
  collapse library dir [/usr/lib/../lib] ==> [/usr/lib]
  collapse library dir [/usr/lib/gcc/x86_64-linux-gnu/6/../../..] ==> [/usr/lib]
  implicit libs: [stdc++;m;c]
  implicit dirs: [/usr/lib/gcc/x86_64-linux-gnu/6;/usr/lib/x86_64-linux-gnu;/usr/lib;/lib/x86_64-linux-gnu;/lib]
  implicit fwks: []




Detecting CXX [-std=c++14] compiler features compiled with the following output:
Change Dir: /home/suckerserv/orig/zuckerserv/src/CMakeFiles/CMakeTmp

Run Build Command:"/usr/bin/make" "cmTC_a61fc/fast"
/usr/bin/make -f CMakeFiles/cmTC_a61fc.dir/build.make CMakeFiles/cmTC_a61fc.dir/build
make[1]: Entering directory '/home/suckerserv/orig/zuckerserv/src/CMakeFiles/CMakeTmp'
Building CXX object CMakeFiles/cmTC_a61fc.dir/feature_tests.cxx.o
/usr/bin/c++     -std=c++14 -o CMakeFiles/cmTC_a61fc.dir/feature_tests.cxx.o -c /home/suckerserv/orig/zuckerserv/src/CMakeFiles/feature_tests.cxx
Linking CXX executable cmTC_a61fc
/usr/bin/cmake -E cmake_link_script CMakeFiles/cmTC_a61fc.dir/link.txt --verbose=1
/usr/bin/c++        CMakeFiles/cmTC_a61fc.dir/feature_tests.cxx.o  -o cmTC_a61fc -rdynamic 
make[1]: Leaving directory '/home/suckerserv/orig/zuckerserv/src/CMakeFiles/CMakeTmp'


    Feature record: CXX_FEATURE:1cxx_aggregate_default_initializers
    Feature record: CXX_FEATURE:1cxx_alias_templates
    Feature record: CXX_FEATURE:1cxx_alignas
    Feature record: CXX_FEATURE:1cxx_alignof
    Feature record: CXX_FEATURE:1cxx_attributes
    Feature record: CXX_FEATURE:1cxx_attribute_deprecated
    Feature record: CXX_FEATURE:1cxx_auto_type
    Feature record: CXX_FEATURE:1cxx_binary_literals
    Feature record: CXX_FEATURE:1cxx_constexpr
    Feature record: CXX_FEATURE:1cxx_contextual_conversions
    Feature record: CXX_FEATURE:1cxx_decltype
    Feature record: CXX_FEATURE:1cxx_decltype_auto
    Feature record: CXX_FEATURE:1cxx_decltype_incomplete_return_types
    Feature record: CXX_FEATURE:1cxx_default_function_template_args
    Feature record: CXX_FEATURE:1cxx_defaulted_functions
    Feature record: CXX_FEATURE:1cxx_defaulted_move_initializers
    Feature record: CXX_FEATURE:1cxx_delegating_constructors
    Feature record: CXX_FEATURE:1cxx_deleted_functions
    Feature record: CXX_FEATURE:1cxx_digit_separators
    Feature record: CXX_FEATURE:1cxx_enum_forward_declarations
    Feature record: CXX_FEATURE:1cxx_explicit_conversions
    Feature record: CXX_FEATURE:1cxx_extended_friend_declarations
    Feature record: CXX_FEATURE:1cxx_extern_templates
    Feature record: CXX_FEATURE:1cxx_final
    Feature record: CXX_FEATURE:1cxx_func_identifier
    Feature record: CXX_FEATURE:1cxx_generalized_initializers
    Feature record: CXX_FEATURE:1cxx_generic_lambdas
    Feature record: CXX_FEATURE:1cxx_inheriting_constructors
    Feature record: CXX_FEATURE:1cxx_inline_namespaces
    Feature record: CXX_FEATURE:1cxx_lambdas
    Feature record: CXX_FEATURE:1cxx_lambda_init_captures
    Feature record: CXX_FEATURE:1cxx_local_type_template_args
    Feature record: CXX_FEATURE:1cxx_long_long_type
    Feature record: CXX_FEATURE:1cxx_noexcept
    Feature record: CXX_FEATURE:1cxx_nonstatic_member_init
    Feature record: CXX_FEATURE:1cxx_nullptr
    Feature record: CXX_FEATURE:1cxx_override
    Feature record: CXX_FEATURE:1cxx_range_for
    Feature record: CXX_FEATURE:1cxx_raw_string_literals
    Feature record: CXX_FEATURE:1cxx_reference_qualified_functions
    Feature record: CXX_FEATURE:1cxx_relaxed_constexpr
    Feature record: CXX_FEATURE:1cxx_return_type_deduction
    Feature record: CXX_FEATURE:1cxx_right_angle_brackets
    Feature record: CXX_FEATURE:1cxx_rvalue_references
    Feature record: CXX_FEATURE:1cxx_sizeof_member
    Feature record: CXX_FEATURE:1cxx_static_assert
    Feature record: CXX_FEATURE:1cxx_strong_enums
    Feature record: CXX_FEATURE:1cxx_template_template_parameters
    Feature record: CXX_FEATURE:1cxx_thread_local
    Feature record: CXX_FEATURE:1cxx_trailing_return_types
    Feature record: CXX_FEATURE:1cxx_unicode_literals
    Feature record: CXX_FEATURE:1cxx_uniform_initialization
    Feature record: CXX_FEATURE:1cxx_unrestricted_unions
    Feature record: CXX_FEATURE:1cxx_user_literals
    Feature record: CXX_FEATURE:1cxx_variable_templates
    Feature record: CXX_FEATURE:1cxx_variadic_macros
    Feature record: CXX_FEATURE:1cxx_variadic_templates


Detecting CXX [-std=c++11] compiler features compiled with the following output:
Change Dir: /home/suckerserv/orig/zuckerserv/src/CMakeFiles/CMakeTmp

Run Build Command:"/usr/bin/make" "cmTC_1f7ef/fast"
/usr/bin/make -f CMakeFiles/cmTC_1f7ef.dir/build.make CMakeFiles/cmTC_1f7ef.dir/build
make[1]: Entering directory '/home/suckerserv/orig/zuckerserv/src/CMakeFiles/CMakeTmp'
Building CXX object CMakeFiles/cmTC_1f7ef.dir/feature_tests.cxx.o
/usr/bin/c++     -std=c++11 -o CMakeFiles/cmTC_1f7ef.dir/feature_tests.cxx.o -c /home/suckerserv/orig/zuckerserv/src/CMakeFiles/feature_tests.cxx
Linking CXX executable cmTC_1f7ef
/usr/bin/cmake -E cmake_link_script CMakeFiles/cmTC_1f7ef.dir/link.txt --verbose=1
/usr/bin/c++        CMakeFiles/cmTC_1f7ef.dir/feature_tests.cxx.o  -o cmTC_1f7ef -rdynamic 
make[1]: Leaving directory '/home/suckerserv/orig/zuckerserv/src/CMakeFiles/CMakeTmp'


    Feature record: CXX_FEATURE:0cxx_aggregate_default_initializers
    Feature record: CXX_FEATURE:1cxx_alias_templates
    Feature record: CXX_FEATURE:1cxx_alignas
    Feature record: CXX_FEATURE:1cxx_alignof
    Feature record: CXX_FEATURE:1cxx_attributes
    Feature record: CXX_FEATURE:0cxx_attribute_deprecated
    Feature record: CXX_FEATURE:1cxx_auto_type
    Feature record: CXX_FEATURE:0cxx_binary_literals
    Feature record: CXX_FEATURE:1cxx_constexpr
    Feature record: CXX_FEATURE:0cxx_contextual_conversions
    Feature record: CXX_FEATURE:1cxx_decltype
    Feature record: CXX_FEATURE:0cxx_decltype_auto
    Feature record: CXX_FEATURE:1cxx_decltype_incomplete_return_types
    Feature record: CXX_FEATURE:1cxx_default_function_template_args
    Feature record: CXX_FEATURE:1cxx_defaulted_functions
    Feature record: CXX_FEATURE:1cxx_defaulted_move_initializers
    Feature record: CXX_FEATURE:1cxx_delegating_constructors
    Feature record: CXX_FEATURE:1cxx_deleted_functions
    Feature record: CXX_FEATURE:0cxx_digit_separators
    Feature record: CXX_FEATURE:1cxx_enum_forward_declarations
    Feature record: CXX_FEATURE:1cxx_explicit_conversions
    Feature record: CXX_FEATURE:1cxx_extended_friend_declarations
    Feature record: CXX_FEATURE:1cxx_extern_templates
    Feature record: CXX_FEATURE:1cxx_final
    Feature record: CXX_FEATURE:1cxx_func_identifier
    Feature record: CXX_FEATURE:1cxx_generalized_initializers
    Feature record: CXX_FEATURE:0cxx_generic_lambdas
    Feature record: CXX_FEATURE:1cxx_inheriting_constructors
    Feature record: CXX_FEATURE:1cxx_inline_namespaces
    Feature record: CXX_FEATURE:1cxx_lambdas
    Feature record: CXX_FEATURE:0cxx_lambda_init_captures
    Feature record: CXX_FEATURE:1cxx_local_type_template_args
    Feature record: CXX_FEATURE:1cxx_long_long_type
    Feature record: CXX_FEATURE:1cxx_noexcept
    Feature record: CXX_FEATURE:1cxx_nonstatic_member_init
    Feature record: CXX_FEATURE:1cxx_nullptr
    Feature record: CXX_FEATURE:1cxx_override
    Feature record: CXX_FEATURE:1cxx_range_for
    Feature record: CXX_FEATURE:1cxx_raw_string_literals
    Feature record: CXX_FEATURE:1cxx_reference_qualified_functions
    Feature record: CXX_FEATURE:0cxx_relaxed_constexpr
    Feature record: CXX_FEATURE:0cxx_return_type_deduction
    Feature record: CXX_FEATURE:1cxx_right_angle_brackets
    Feature record: CXX_FEATURE:1cxx_rvalue_references
    Feature record: CXX_FEATURE:1cxx_sizeof_member
    Feature record: CXX_FEATURE:1cxx_static_assert
    Feature record: CXX_FEATURE:1cxx_strong_enums
    Feature record: CXX_FEATURE:1cxx_template_template_parameters
    Feature record: CXX_FEATURE:1cxx_thread_local
    Feature record: CXX_FEATURE:1cxx_trailing_return_types
    Feature record: CXX_FEATURE:1cxx_unicode_literals
    Feature record: CXX_FEATURE:1cxx_uniform_initialization
    Feature record: CXX_FEATURE:1cxx_unrestricted_unions
    Feature record: CXX_FEATURE:1cxx_user_literals
    Feature record: CXX_FEATURE:0cxx_variable_templates
    Feature record: CXX_FEATURE:1cxx_variadic_macros
    Feature record: CXX_FEATURE:1cxx_variadic_templates


Detecting CXX [-std=c++98] compiler features compiled with the following output:
Change Dir: /home/suckerserv/orig/zuckerserv/src/CMakeFiles/CMakeTmp

Run Build Command:"/usr/bin/make" "cmTC_1fdb9/fast"
/usr/bin/make -f CMakeFiles/cmTC_1fdb9.dir/build.make CMakeFiles/cmTC_1fdb9.dir/build
make[1]: Entering directory '/home/suckerserv/orig/zuckerserv/src/CMakeFiles/CMakeTmp'
Building CXX object CMakeFiles/cmTC_1fdb9.dir/feature_tests.cxx.o
/usr/bin/c++     -std=c++98 -o CMakeFiles/cmTC_1fdb9.dir/feature_tests.cxx.o -c /home/suckerserv/orig/zuckerserv/src/CMakeFiles/feature_tests.cxx
Linking CXX executable cmTC_1fdb9
/usr/bin/cmake -E cmake_link_script CMakeFiles/cmTC_1fdb9.dir/link.txt --verbose=1
/usr/bin/c++        CMakeFiles/cmTC_1fdb9.dir/feature_tests.cxx.o  -o cmTC_1fdb9 -rdynamic 
make[1]: Leaving directory '/home/suckerserv/orig/zuckerserv/src/CMakeFiles/CMakeTmp'


    Feature record: CXX_FEATURE:0cxx_aggregate_default_initializers
    Feature record: CXX_FEATURE:0cxx_alias_templates
    Feature record: CXX_FEATURE:0cxx_alignas
    Feature record: CXX_FEATURE:0cxx_alignof
    Feature record: CXX_FEATURE:0cxx_attributes
    Feature record: CXX_FEATURE:0cxx_attribute_deprecated
    Feature record: CXX_FEATURE:0cxx_auto_type
    Feature record: CXX_FEATURE:0cxx_binary_literals
    Feature record: CXX_FEATURE:0cxx_constexpr
    Feature record: CXX_FEATURE:0cxx_contextual_conversions
    Feature record: CXX_FEATURE:0cxx_decltype
    Feature record: CXX_FEATURE:0cxx_decltype_auto
    Feature record: CXX_FEATURE:0cxx_decltype_incomplete_return_types
    Feature record: CXX_FEATURE:0cxx_default_function_template_args
    Feature record: CXX_FEATURE:0cxx_defaulted_functions
    Feature record: CXX_FEATURE:0cxx_defaulted_move_initializers
    Feature record: CXX_FEATURE:0cxx_delegating_constructors
    Feature record: CXX_FEATURE:0cxx_deleted_functions
    Feature record: CXX_FEATURE:0cxx_digit_separators
    Feature record: CXX_FEATURE:0cxx_enum_forward_declarations
    Feature record: CXX_FEATURE:0cxx_explicit_conversions
    Feature record: CXX_FEATURE:0cxx_extended_friend_declarations
    Feature record: CXX_FEATURE:0cxx_extern_templates
    Feature record: CXX_FEATURE:0cxx_final
    Feature record: CXX_FEATURE:0cxx_func_identifier
    Feature record: CXX_FEATURE:0cxx_generalized_initializers
    Feature record: CXX_FEATURE:0cxx_generic_lambdas
    Feature record: CXX_FEATURE:0cxx_inheriting_constructors
    Feature record: CXX_FEATURE:0cxx_inline_namespaces
    Feature record: CXX_FEATURE:0cxx_lambdas
    Feature record: CXX_FEATURE:0cxx_lambda_init_captures
    Feature record: CXX_FEATURE:0cxx_local_type_template_args
    Feature record: CXX_FEATURE:0cxx_long_long_type
    Feature record: CXX_FEATURE:0cxx_noexcept
    Feature record: CXX_FEATURE:0cxx_nonstatic_member_init
    Feature record: CXX_FEATURE:0cxx_nullptr
    Feature record: CXX_FEATURE:0cxx_override
    Feature record: CXX_FEATURE:0cxx_range_for
    Feature record: CXX_FEATURE:0cxx_raw_string_literals
    Feature record: CXX_FEATURE:0cxx_reference_qualified_functions
    Feature record: CXX_FEATURE:0cxx_relaxed_constexpr
    Feature record: CXX_FEATURE:0cxx_return_type_deduction
    Feature record: CXX_FEATURE:0cxx_right_angle_brackets
    Feature record: CXX_FEATURE:0cxx_rvalue_references
    Feature record: CXX_FEATURE:0cxx_sizeof_member
    Feature record: CXX_FEATURE:0cxx_static_assert
    Feature record: CXX_FEATURE:0cxx_strong_enums
    Feature record: CXX_FEATURE:1cxx_template_template_parameters
    Feature record: CXX_FEATURE:0cxx_thread_local
    Feature record: CXX_FEATURE:0cxx_trailing_return_types
    Feature record: CXX_FEATURE:0cxx_unicode_literals
    Feature record: CXX_FEATURE:0cxx_uniform_initialization
    Feature record: CXX_FEATURE:0cxx_unrestricted_unions
    Feature record: CXX_FEATURE:0cxx_user_literals
    Feature record: CXX_FEATURE:0cxx_variable_templates
    Feature record: CXX_FEATURE:0cxx_variadic_macros
    Feature record: CXX_FEATURE:0cxx_variadic_templates
Determining if the function getaddrinfo exists passed with the following output:
Change Dir: /home/suckerserv/orig/zuckerserv/src/CMakeFiles/CMakeTmp

Run Build Command:"/usr/bin/make" "cmTC_5af17/fast"
/usr/bin/make -f CMakeFiles/cmTC_5af17.dir/build.make CMakeFiles/cmTC_5af17.dir/build
make[1]: Entering directory '/home/suckerserv/orig/zuckerserv/src/CMakeFiles/CMakeTmp'
Building C object CMakeFiles/cmTC_5af17.dir/CheckFunctionExists.c.o
/usr/bin/cc    -DCHECK_FUNCTION_EXISTS=getaddrinfo   -o CMakeFiles/cmTC_5af17.dir/CheckFunctionExists.c.o   -c /usr/share/cmake-3.7/Modules/CheckFunctionExists.c
Linking C executable cmTC_5af17
/usr/bin/cmake -E cmake_link_script CMakeFiles/cmTC_5af17.dir/link.txt --verbose=1
/usr/bin/cc   -DCHECK_FUNCTION_EXISTS=getaddrinfo    CMakeFiles/cmTC_5af17.dir/CheckFunctionExists.c.o  -o cmTC_5af17 -rdynamic 
make[1]: Leaving directory '/home/suckerserv/orig/zuckerserv/src/CMakeFiles/CMakeTmp'


Determining if the function getnameinfo exists passed with the following output:
Change Dir: /home/suckerserv/orig/zuckerserv/src/CMakeFiles/CMakeTmp

Run Build Command:"/usr/bin/make" "cmTC_75561/fast"
/usr/bin/make -f CMakeFiles/cmTC_75561.dir/build.make CMakeFiles/cmTC_75561.dir/build
make[1]: Entering directory '/home/suckerserv/orig/zuckerserv/src/CMakeFiles/CMakeTmp'
Building C object CMakeFiles/cmTC_75561.dir/CheckFunctionExists.c.o
/usr/bin/cc    -DCHECK_FUNCTION_EXISTS=getnameinfo   -o CMakeFiles/cmTC_75561.dir/CheckFunctionExists.c.o   -c /usr/share/cmake-3.7/Modules/CheckFunctionExists.c
Linking C executable cmTC_75561
/usr/bin/cmake -E cmake_link_script CMakeFiles/cmTC_75561.dir/link.txt --verbose=1
/usr/bin/cc   -DCHECK_FUNCTION_EXISTS=getnameinfo    CMakeFiles/cmTC_75561.dir/CheckFunctionExists.c.o  -o cmTC_75561 -rdynamic 
make[1]: Leaving directory '/home/suckerserv/orig/zuckerserv/src/CMakeFiles/CMakeTmp'


Determining if the function gethostbyaddr_r exists passed with the following output:
Change Dir: /home/suckerserv/orig/zuckerserv/src/CMakeFiles/CMakeTmp

Run Build Command:"/usr/bin/make" "cmTC_c6c7f/fast"
/usr/bin/make -f CMakeFiles/cmTC_c6c7f.dir/build.make CMakeFiles/cmTC_c6c7f.dir/build
make[1]: Entering directory '/home/suckerserv/orig/zuckerserv/src/CMakeFiles/CMakeTmp'
Building C object CMakeFiles/cmTC_c6c7f.dir/CheckFunctionExists.c.o
/usr/bin/cc    -DCHECK_FUNCTION_EXISTS=gethostbyaddr_r   -o CMakeFiles/cmTC_c6c7f.dir/CheckFunctionExists.c.o   -c /usr/share/cmake-3.7/Modules/CheckFunctionExists.c
Linking C executable cmTC_c6c7f
/usr/bin/cmake -E cmake_link_script CMakeFiles/cmTC_c6c7f.dir/link.txt --verbose=1
/usr/bin/cc   -DCHECK_FUNCTION_EXISTS=gethostbyaddr_r    CMakeFiles/cmTC_c6c7f.dir/CheckFunctionExists.c.o  -o cmTC_c6c7f -rdynamic 
make[1]: Leaving directory '/home/suckerserv/orig/zuckerserv/src/CMakeFiles/CMakeTmp'


Determining if the function gethostbyname_r exists passed with the following output:
Change Dir: /home/suckerserv/orig/zuckerserv/src/CMakeFiles/CMakeTmp

Run Build Command:"/usr/bin/make" "cmTC_a105a/fast"
/usr/bin/make -f CMakeFiles/cmTC_a105a.dir/build.make CMakeFiles/cmTC_a105a.dir/build
make[1]: Entering directory '/home/suckerserv/orig/zuckerserv/src/CMakeFiles/CMakeTmp'
Building C object CMakeFiles/cmTC_a105a.dir/CheckFunctionExists.c.o
/usr/bin/cc    -DCHECK_FUNCTION_EXISTS=gethostbyname_r   -o CMakeFiles/cmTC_a105a.dir/CheckFunctionExists.c.o   -c /usr/share/cmake-3.7/Modules/CheckFunctionExists.c
Linking C executable cmTC_a105a
/usr/bin/cmake -E cmake_link_script CMakeFiles/cmTC_a105a.dir/link.txt --verbose=1
/usr/bin/cc   -DCHECK_FUNCTION_EXISTS=gethostbyname_r    CMakeFiles/cmTC_a105a.dir/CheckFunctionExists.c.o  -o cmTC_a105a -rdynamic 
make[1]: Leaving directory '/home/suckerserv/orig/zuckerserv/src/CMakeFiles/CMakeTmp'


Determining if the function poll exists passed with the following output:
Change Dir: /home/suckerserv/orig/zuckerserv/src/CMakeFiles/CMakeTmp

Run Build Command:"/usr/bin/make" "cmTC_bc9cc/fast"
/usr/bin/make -f CMakeFiles/cmTC_bc9cc.dir/build.make CMakeFiles/cmTC_bc9cc.dir/build
make[1]: Entering directory '/home/suckerserv/orig/zuckerserv/src/CMakeFiles/CMakeTmp'
Building C object CMakeFiles/cmTC_bc9cc.dir/CheckFunctionExists.c.o
/usr/bin/cc    -DCHECK_FUNCTION_EXISTS=poll   -o CMakeFiles/cmTC_bc9cc.dir/CheckFunctionExists.c.o   -c /usr/share/cmake-3.7/Modules/CheckFunctionExists.c
Linking C executable cmTC_bc9cc
/usr/bin/cmake -E cmake_link_script CMakeFiles/cmTC_bc9cc.dir/link.txt --verbose=1
/usr/bin/cc   -DCHECK_FUNCTION_EXISTS=poll    CMakeFiles/cmTC_bc9cc.dir/CheckFunctionExists.c.o  -o cmTC_bc9cc -rdynamic 
make[1]: Leaving directory '/home/suckerserv/orig/zuckerserv/src/CMakeFiles/CMakeTmp'


Determining if the function fcntl exists passed with the following output:
Change Dir: /home/suckerserv/orig/zuckerserv/src/CMakeFiles/CMakeTmp

Run Build Command:"/usr/bin/make" "cmTC_26ca2/fast"
/usr/bin/make -f CMakeFiles/cmTC_26ca2.dir/build.make CMakeFiles/cmTC_26ca2.dir/build
make[1]: Entering directory '/home/suckerserv/orig/zuckerserv/src/CMakeFiles/CMakeTmp'
Building C object CMakeFiles/cmTC_26ca2.dir/CheckFunctionExists.c.o
/usr/bin/cc    -DCHECK_FUNCTION_EXISTS=fcntl   -o CMakeFiles/cmTC_26ca2.dir/CheckFunctionExists.c.o   -c /usr/share/cmake-3.7/Modules/CheckFunctionExists.c
Linking C executable cmTC_26ca2
/usr/bin/cmake -E cmake_link_script CMakeFiles/cmTC_26ca2.dir/link.txt --verbose=1
/usr/bin/cc   -DCHECK_FUNCTION_EXISTS=fcntl    CMakeFiles/cmTC_26ca2.dir/CheckFunctionExists.c.o  -o cmTC_26ca2 -rdynamic 
make[1]: Leaving directory '/home/suckerserv/orig/zuckerserv/src/CMakeFiles/CMakeTmp'


Determining if the function inet_pton exists passed with the following output:
Change Dir: /home/suckerserv/orig/zuckerserv/src/CMakeFiles/CMakeTmp

Run Build Command:"/usr/bin/make" "cmTC_5365e/fast"
/usr/bin/make -f CMakeFiles/cmTC_5365e.dir/build.make CMakeFiles/cmTC_5365e.dir/build
make[1]: Entering directory '/home/suckerserv/orig/zuckerserv/src/CMakeFiles/CMakeTmp'
Building C object CMakeFiles/cmTC_5365e.dir/CheckFunctionExists.c.o
/usr/bin/cc    -DCHECK_FUNCTION_EXISTS=inet_pton   -o CMakeFiles/cmTC_5365e.dir/CheckFunctionExists.c.o   -c /usr/share/cmake-3.7/Modules/CheckFunctionExists.c
Linking C executable cmTC_5365e
/usr/bin/cmake -E cmake_link_script CMakeFiles/cmTC_5365e.dir/link.txt --verbose=1
/usr/bin/cc   -DCHECK_FUNCTION_EXISTS=inet_pton    CMakeFiles/cmTC_5365e.dir/CheckFunctionExists.c.o  -o cmTC_5365e -rdynamic 
make[1]: Leaving directory '/home/suckerserv/orig/zuckerserv/src/CMakeFiles/CMakeTmp'


Determining if the function inet_ntop exists passed with the following output:
Change Dir: /home/suckerserv/orig/zuckerserv/src/CMakeFiles/CMakeTmp

Run Build Command:"/usr/bin/make" "cmTC_deca4/fast"
/usr/bin/make -f CMakeFiles/cmTC_deca4.dir/build.make CMakeFiles/cmTC_deca4.dir/build
make[1]: Entering directory '/home/suckerserv/orig/zuckerserv/src/CMakeFiles/CMakeTmp'
Building C object CMakeFiles/cmTC_deca4.dir/CheckFunctionExists.c.o
/usr/bin/cc    -DCHECK_FUNCTION_EXISTS=inet_ntop   -o CMakeFiles/cmTC_deca4.dir/CheckFunctionExists.c.o   -c /usr/share/cmake-3.7/Modules/CheckFunctionExists.c
Linking C executable cmTC_deca4
/usr/bin/cmake -E cmake_link_script CMakeFiles/cmTC_deca4.dir/link.txt --verbose=1
/usr/bin/cc   -DCHECK_FUNCTION_EXISTS=inet_ntop    CMakeFiles/cmTC_deca4.dir/CheckFunctionExists.c.o  -o cmTC_deca4 -rdynamic 
make[1]: Leaving directory '/home/suckerserv/orig/zuckerserv/src/CMakeFiles/CMakeTmp'


Determining if the include file sys/types.h exists passed with the following output:
Change Dir: /home/suckerserv/orig/zuckerserv/src/CMakeFiles/CMakeTmp

Run Build Command:"/usr/bin/make" "cmTC_0dc31/fast"
/usr/bin/make -f CMakeFiles/cmTC_0dc31.dir/build.make CMakeFiles/cmTC_0dc31.dir/build
make[1]: Entering directory '/home/suckerserv/orig/zuckerserv/src/CMakeFiles/CMakeTmp'
Building C object CMakeFiles/cmTC_0dc31.dir/CheckIncludeFile.c.o
/usr/bin/cc     -o CMakeFiles/cmTC_0dc31.dir/CheckIncludeFile.c.o   -c /home/suckerserv/orig/zuckerserv/src/CMakeFiles/CMakeTmp/CheckIncludeFile.c
Linking C executable cmTC_0dc31
/usr/bin/cmake -E cmake_link_script CMakeFiles/cmTC_0dc31.dir/link.txt --verbose=1
/usr/bin/cc       CMakeFiles/cmTC_0dc31.dir/CheckIncludeFile.c.o  -o cmTC_0dc31 -rdynamic 
make[1]: Leaving directory '/home/suckerserv/orig/zuckerserv/src/CMakeFiles/CMakeTmp'


Determining if the include file stdint.h exists passed with the following output:
Change Dir: /home/suckerserv/orig/zuckerserv/src/CMakeFiles/CMakeTmp

Run Build Command:"/usr/bin/make" "cmTC_66bd2/fast"
/usr/bin/make -f CMakeFiles/cmTC_66bd2.dir/build.make CMakeFiles/cmTC_66bd2.dir/build
make[1]: Entering directory '/home/suckerserv/orig/zuckerserv/src/CMakeFiles/CMakeTmp'
Building C object CMakeFiles/cmTC_66bd2.dir/CheckIncludeFile.c.o
/usr/bin/cc     -o CMakeFiles/cmTC_66bd2.dir/CheckIncludeFile.c.o   -c /home/suckerserv/orig/zuckerserv/src/CMakeFiles/CMakeTmp/CheckIncludeFile.c
Linking C executable cmTC_66bd2
/usr/bin/cmake -E cmake_link_script CMakeFiles/cmTC_66bd2.dir/link.txt --verbose=1
/usr/bin/cc       CMakeFiles/cmTC_66bd2.dir/CheckIncludeFile.c.o  -o cmTC_66bd2 -rdynamic 
make[1]: Leaving directory '/home/suckerserv/orig/zuckerserv/src/CMakeFiles/CMakeTmp'


Determining if the include file stddef.h exists passed with the following output:
Change Dir: /home/suckerserv/orig/zuckerserv/src/CMakeFiles/CMakeTmp

Run Build Command:"/usr/bin/make" "cmTC_4437c/fast"
/usr/bin/make -f CMakeFiles/cmTC_4437c.dir/build.make CMakeFiles/cmTC_4437c.dir/build
make[1]: Entering directory '/home/suckerserv/orig/zuckerserv/src/CMakeFiles/CMakeTmp'
Building C object CMakeFiles/cmTC_4437c.dir/CheckIncludeFile.c.o
/usr/bin/cc     -o CMakeFiles/cmTC_4437c.dir/CheckIncludeFile.c.o   -c /home/suckerserv/orig/zuckerserv/src/CMakeFiles/CMakeTmp/CheckIncludeFile.c
Linking C executable cmTC_4437c
/usr/bin/cmake -E cmake_link_script CMakeFiles/cmTC_4437c.dir/link.txt --verbose=1
/usr/bin/cc       CMakeFiles/cmTC_4437c.dir/CheckIncludeFile.c.o  -o cmTC_4437c -rdynamic 
make[1]: Leaving directory '/home/suckerserv/orig/zuckerserv/src/CMakeFiles/CMakeTmp'


Determining size of socklen_t passed with the following output:
Change Dir: /home/suckerserv/orig/zuckerserv/src/CMakeFiles/CMakeTmp

Run Build Command:"/usr/bin/make" "cmTC_77318/fast"
/usr/bin/make -f CMakeFiles/cmTC_77318.dir/build.make CMakeFiles/cmTC_77318.dir/build
make[1]: Entering directory '/home/suckerserv/orig/zuckerserv/src/CMakeFiles/CMakeTmp'
Building C object CMakeFiles/cmTC_77318.dir/HAS_SOCKLEN_T.c.o
/usr/bin/cc     -o CMakeFiles/cmTC_77318.dir/HAS_SOCKLEN_T.c.o   -c /home/suckerserv/orig/zuckerserv/src/CMakeFiles/CheckTypeSize/HAS_SOCKLEN_T.c
Linking C executable cmTC_77318
/usr/bin/cmake -E cmake_link_script CMakeFiles/cmTC_77318.dir/link.txt --verbose=1
/usr/bin/cc       CMakeFiles/cmTC_77318.dir/HAS_SOCKLEN_T.c.o  -o cmTC_77318 -rdynamic 
make[1]: Leaving directory '/home/suckerserv/orig/zuckerserv/src/CMakeFiles/CMakeTmp'


Determining if the function sqlite3_open exists in the sqlite3 passed with the following output:
Change Dir: /home/suckerserv/orig/zuckerserv/src/CMakeFiles/CMakeTmp

Run Build Command:"/usr/bin/make" "cmTC_72f50/fast"
/usr/bin/make -f CMakeFiles/cmTC_72f50.dir/build.make CMakeFiles/cmTC_72f50.dir/build
make[1]: Entering directory '/home/suckerserv/orig/zuckerserv/src/CMakeFiles/CMakeTmp'
Building C object CMakeFiles/cmTC_72f50.dir/CheckFunctionExists.c.o
/usr/bin/cc    -DCHECK_FUNCTION_EXISTS=sqlite3_open   -o CMakeFiles/cmTC_72f50.dir/CheckFunctionExists.c.o   -c /usr/share/cmake-3.7/Modules/CheckFunctionExists.c
Linking C executable cmTC_72f50
/usr/bin/cmake -E cmake_link_script CMakeFiles/cmTC_72f50.dir/link.txt --verbose=1
/usr/bin/cc   -DCHECK_FUNCTION_EXISTS=sqlite3_open    CMakeFiles/cmTC_72f50.dir/CheckFunctionExists.c.o  -o cmTC_72f50 -rdynamic -lsqlite3 
make[1]: Leaving directory '/home/suckerserv/orig/zuckerserv/src/CMakeFiles/CMakeTmp'


Determining if the function pthread_self exists in the pthread passed with the following output:
Change Dir: /home/suckerserv/orig/zuckerserv/src/CMakeFiles/CMakeTmp

Run Build Command:"/usr/bin/make" "cmTC_9e05f/fast"
/usr/bin/make -f CMakeFiles/cmTC_9e05f.dir/build.make CMakeFiles/cmTC_9e05f.dir/build
make[1]: Entering directory '/home/suckerserv/orig/zuckerserv/src/CMakeFiles/CMakeTmp'
Building C object CMakeFiles/cmTC_9e05f.dir/CheckFunctionExists.c.o
/usr/bin/cc    -DCHECK_FUNCTION_EXISTS=pthread_self   -o CMakeFiles/cmTC_9e05f.dir/CheckFunctionExists.c.o   -c /usr/share/cmake-3.7/Modules/CheckFunctionExists.c
Linking C executable cmTC_9e05f
/usr/bin/cmake -E cmake_link_script CMakeFiles/cmTC_9e05f.dir/link.txt --verbose=1
/usr/bin/cc   -DCHECK_FUNCTION_EXISTS=pthread_self    CMakeFiles/cmTC_9e05f.dir/CheckFunctionExists.c.o  -o cmTC_9e05f -rdynamic -lpthread 
make[1]: Leaving directory '/home/suckerserv/orig/zuckerserv/src/CMakeFiles/CMakeTmp'


Determining if the function clock_gettime exists in the rt passed with the following output:
Change Dir: /home/suckerserv/orig/zuckerserv/src/CMakeFiles/CMakeTmp

Run Build Command:"/usr/bin/make" "cmTC_8f1d7/fast"
/usr/bin/make -f CMakeFiles/cmTC_8f1d7.dir/build.make CMakeFiles/cmTC_8f1d7.dir/build
make[1]: Entering directory '/home/suckerserv/orig/zuckerserv/src/CMakeFiles/CMakeTmp'
Building C object CMakeFiles/cmTC_8f1d7.dir/CheckFunctionExists.c.o
/usr/bin/cc    -DCHECK_FUNCTION_EXISTS=clock_gettime   -o CMakeFiles/cmTC_8f1d7.dir/CheckFunctionExists.c.o   -c /usr/share/cmake-3.7/Modules/CheckFunctionExists.c
Linking C executable cmTC_8f1d7
/usr/bin/cmake -E cmake_link_script CMakeFiles/cmTC_8f1d7.dir/link.txt --verbose=1
/usr/bin/cc   -DCHECK_FUNCTION_EXISTS=clock_gettime    CMakeFiles/cmTC_8f1d7.dir/CheckFunctionExists.c.o  -o cmTC_8f1d7 -rdynamic -lrt 
make[1]: Leaving directory '/home/suckerserv/orig/zuckerserv/src/CMakeFiles/CMakeTmp'


